Sep 17 22:33 : errno: Failed to stat /home/martinr/Music: No such file or directory
Sep 17 22:33 : client: [0] opened from [::1]:39362
Sep 17 22:36 : client: [0] closed
Sep 17 22:36 : client: [1] opened from [::1]:39386
Sep 17 22:39 : client: [1] closed
Sep 17 22:39 : client: [2] opened from [::1]:39388
Sep 17 22:40 : client: [2] closed
Sep 17 22:40 : client: [3] opened from [::1]:39390
Sep 17 22:40 : client: [3] closed
Sep 17 22:41 : client: [4] opened from [::1]:39400
Sep 17 22:42 : client: [4] closed
Sep 17 22:42 : client: [5] opened from [::1]:39478
Sep 17 22:43 : client: [0] opened from [::1]:39520
Sep 17 22:43 : alsa_mixer: Failed to read mixer for 'what66': no such mixer control: PCM
Sep 17 22:43 : client: [0] closed
Sep 17 22:43 : client: [1] opened from [::1]:39522
Sep 17 22:43 : client: [0] opened from [::1]:39540
Sep 17 22:43 : alsa_mixer: Failed to read mixer for 'what66': no such mixer control: PCM
Sep 17 22:44 : client: [0] closed
Sep 17 22:44 : client: [0] opened from [::1]:39546
Sep 17 22:44 : alsa_mixer: Failed to read mixer for 'what66': no such mixer control: PCM
Sep 17 22:45 : errno: Failed to open 'Pink-Floyd/1979 - The Wall 2011 Remaster': Permission denied
Sep 17 22:45 : errno: Failed to open 'Pink-Floyd/1982 - The Final Cut 2011 Remaster': Permission denied
Sep 17 22:45 : errno: Failed to open 'Pink-Floyd/1977 - Animals 2011 Remaster': Permission denied
Sep 17 22:45 : errno: Failed to open 'Pink-Floyd/1994 - The Divison Bell 2011 Remaster': Permission denied
Sep 17 22:45 : errno: Failed to open 'Pink-Floyd/2011 - A Foot In The Door - The Best Of Pink Floyd': Permission denied
Sep 17 22:45 : errno: Failed to open 'Pink-Floyd/1987 - A Momentary Lapse Of Reason 2011 Remaster': Permission denied
Sep 17 22:45 : errno: Failed to open 'Pink-Floyd/1975 - Wish You Were Here 2011 Remaster': Permission denied
Sep 17 22:45 : errno: Failed to open 'Pink-Floyd/1979 - The Wall 2011 Remaster': Permission denied
Sep 17 22:45 : errno: Failed to open 'Pink-Floyd/1982 - The Final Cut 2011 Remaster': Permission denied
Sep 17 22:45 : errno: Failed to open 'Pink-Floyd/1977 - Animals 2011 Remaster': Permission denied
Sep 17 22:45 : errno: Failed to open 'Pink-Floyd/1994 - The Divison Bell 2011 Remaster': Permission denied
Sep 17 22:45 : errno: Failed to open 'Pink-Floyd/2011 - A Foot In The Door - The Best Of Pink Floyd': Permission denied
Sep 17 22:45 : errno: Failed to open 'Pink-Floyd/1987 - A Momentary Lapse Of Reason 2011 Remaster': Permission denied
Sep 17 22:45 : errno: Failed to open 'Pink-Floyd/1975 - Wish You Were Here 2011 Remaster': Permission denied
Sep 17 22:45 : errno: Failed to open 'Pink-Floyd/1979 - The Wall 2011 Remaster': Permission denied
Sep 17 22:45 : errno: Failed to open 'Pink-Floyd/1982 - The Final Cut 2011 Remaster': Permission denied
Sep 17 22:45 : errno: Failed to open 'Pink-Floyd/1977 - Animals 2011 Remaster': Permission denied
Sep 17 22:45 : errno: Failed to open 'Pink-Floyd/1994 - The Divison Bell 2011 Remaster': Permission denied
Sep 17 22:45 : errno: Failed to open 'Pink-Floyd/2011 - A Foot In The Door - The Best Of Pink Floyd': Permission denied
Sep 17 22:45 : errno: Failed to open 'Pink-Floyd/1987 - A Momentary Lapse Of Reason 2011 Remaster': Permission denied
Sep 17 22:45 : errno: Failed to open 'Pink-Floyd/1975 - Wish You Were Here 2011 Remaster': Permission denied
Sep 17 22:45 : errno: Failed to open 'Pink-Floyd/1979 - The Wall 2011 Remaster': Permission denied
Sep 17 22:45 : errno: Failed to open 'Pink-Floyd/1982 - The Final Cut 2011 Remaster': Permission denied
Sep 17 22:45 : errno: Failed to open 'Pink-Floyd/1977 - Animals 2011 Remaster': Permission denied
Sep 17 22:45 : errno: Failed to open 'Pink-Floyd/1994 - The Divison Bell 2011 Remaster': Permission denied
Sep 17 22:45 : errno: Failed to open 'Pink-Floyd/2011 - A Foot In The Door - The Best Of Pink Floyd': Permission denied
Sep 17 22:45 : errno: Failed to open 'Pink-Floyd/1987 - A Momentary Lapse Of Reason 2011 Remaster': Permission denied
Sep 17 22:45 : errno: Failed to open 'Pink-Floyd/1975 - Wish You Were Here 2011 Remaster': Permission denied
Sep 17 22:45 : errno: Failed to open 'Pink-Floyd/1979 - The Wall 2011 Remaster': Permission denied
Sep 17 22:45 : errno: Failed to open 'Pink-Floyd/1982 - The Final Cut 2011 Remaster': Permission denied
Sep 17 22:45 : errno: Failed to open 'Pink-Floyd/1977 - Animals 2011 Remaster': Permission denied
Sep 17 22:45 : errno: Failed to open 'Pink-Floyd/1994 - The Divison Bell 2011 Remaster': Permission denied
Sep 17 22:45 : errno: Failed to open 'Pink-Floyd/2011 - A Foot In The Door - The Best Of Pink Floyd': Permission denied
Sep 17 22:45 : errno: Failed to open 'Pink-Floyd/1987 - A Momentary Lapse Of Reason 2011 Remaster': Permission denied
Sep 17 22:45 : errno: Failed to open 'Pink-Floyd/1975 - Wish You Were Here 2011 Remaster': Permission denied
Sep 17 22:45 : errno: Failed to open 'Pink-Floyd/1979 - The Wall 2011 Remaster': Permission denied
Sep 17 22:45 : errno: Failed to open 'Pink-Floyd/1982 - The Final Cut 2011 Remaster': Permission denied
Sep 17 22:45 : errno: Failed to open 'Pink-Floyd/1977 - Animals 2011 Remaster': Permission denied
Sep 17 22:45 : errno: Failed to open 'Pink-Floyd/1994 - The Divison Bell 2011 Remaster': Permission denied
Sep 17 22:45 : errno: Failed to open 'Pink-Floyd/2011 - A Foot In The Door - The Best Of Pink Floyd': Permission denied
Sep 17 22:45 : errno: Failed to open 'Pink-Floyd/1987 - A Momentary Lapse Of Reason 2011 Remaster': Permission denied
Sep 17 22:45 : errno: Failed to open 'Pink-Floyd/1975 - Wish You Were Here 2011 Remaster': Permission denied
Sep 17 22:45 : errno: Failed to open 'Pink-Floyd/1979 - The Wall 2011 Remaster': Permission denied
Sep 17 22:45 : errno: Failed to open 'Pink-Floyd/1982 - The Final Cut 2011 Remaster': Permission denied
Sep 17 22:45 : errno: Failed to open 'Pink-Floyd/1977 - Animals 2011 Remaster': Permission denied
Sep 17 22:45 : errno: Failed to open 'Pink-Floyd/1994 - The Divison Bell 2011 Remaster': Permission denied
Sep 17 22:45 : errno: Failed to open 'Pink-Floyd/2011 - A Foot In The Door - The Best Of Pink Floyd': Permission denied
Sep 17 22:45 : errno: Failed to open 'Pink-Floyd/1987 - A Momentary Lapse Of Reason 2011 Remaster': Permission denied
Sep 17 22:45 : errno: Failed to open 'Pink-Floyd/1975 - Wish You Were Here 2011 Remaster': Permission denied
Sep 17 22:45 : errno: Failed to open 'Pink-Floyd/1979 - The Wall 2011 Remaster': Permission denied
Sep 17 22:45 : errno: Failed to open 'Pink-Floyd/1982 - The Final Cut 2011 Remaster': Permission denied
Sep 17 22:45 : errno: Failed to open 'Pink-Floyd/1977 - Animals 2011 Remaster': Permission denied
Sep 17 22:45 : errno: Failed to open 'Pink-Floyd/1994 - The Divison Bell 2011 Remaster': Permission denied
Sep 17 22:45 : errno: Failed to open 'Pink-Floyd/2011 - A Foot In The Door - The Best Of Pink Floyd': Permission denied
Sep 17 22:45 : errno: Failed to open 'Pink-Floyd/1987 - A Momentary Lapse Of Reason 2011 Remaster': Permission denied
Sep 17 22:45 : errno: Failed to open 'Pink-Floyd/1975 - Wish You Were Here 2011 Remaster': Permission denied
Sep 17 22:46 : config: option 'mixer_device' on line 13 was not recognized
Sep 17 22:46 : config: option 'mixer_control' on line 14 was not recognized
Sep 17 22:46 : client: [0] opened from [::1]:39622
Sep 17 22:47 : update: added Pink-Floyd/1979 - The Wall 2011 Remaster/CD1/02. The Thin Ice.mp3
Sep 17 22:47 : update: added Pink-Floyd/1979 - The Wall 2011 Remaster/CD1/03. Another Brick In The Wall Pt.1.mp3
Sep 17 22:47 : update: added Pink-Floyd/1979 - The Wall 2011 Remaster/CD1/01. In The Flesh.mp3
Sep 17 22:47 : update: added Pink-Floyd/1979 - The Wall 2011 Remaster/CD1/11. Don't Leave Now.mp3
Sep 17 22:47 : update: added Pink-Floyd/1979 - The Wall 2011 Remaster/CD1/09. Young Lust.mp3
Sep 17 22:47 : update: added Pink-Floyd/1979 - The Wall 2011 Remaster/CD1/06. Mother.mp3
Sep 17 22:47 : update: added Pink-Floyd/1979 - The Wall 2011 Remaster/CD1/13. Goodbye Cruel World.mp3
Sep 17 22:47 : update: added Pink-Floyd/1979 - The Wall 2011 Remaster/CD1/10. One Of My Turns.mp3
Sep 17 22:47 : update: added Pink-Floyd/1979 - The Wall 2011 Remaster/CD1/07. Goodbye Blue Sky.mp3
Sep 17 22:47 : update: added Pink-Floyd/1979 - The Wall 2011 Remaster/CD1/05. Another Brick In The Wall Pt.2.mp3
Sep 17 22:47 : update: added Pink-Floyd/1979 - The Wall 2011 Remaster/CD1/08. Empty Spaces.mp3
Sep 17 22:47 : update: added Pink-Floyd/1979 - The Wall 2011 Remaster/CD1/12. Another Brick In The Wall Pt.3.mp3
Sep 17 22:47 : update: added Pink-Floyd/1979 - The Wall 2011 Remaster/CD1/04. The Happiest Days Of Our Lives.mp3
Sep 17 22:47 : update: added Pink-Floyd/1979 - The Wall 2011 Remaster/CD2/10. Waiting For The Worms.mp3
Sep 17 22:47 : update: added Pink-Floyd/1979 - The Wall 2011 Remaster/CD2/13. Outside The Wall.mp3
Sep 17 22:47 : update: added Pink-Floyd/1979 - The Wall 2011 Remaster/CD2/06. Comfortably Numb.mp3
Sep 17 22:47 : update: added Pink-Floyd/1979 - The Wall 2011 Remaster/CD2/07. The Show Must Go On.mp3
Sep 17 22:47 : update: added Pink-Floyd/1979 - The Wall 2011 Remaster/CD2/02. Is There Anybody Out There.mp3
Sep 17 22:47 : update: added Pink-Floyd/1979 - The Wall 2011 Remaster/CD2/12. The Trial.mp3
Sep 17 22:47 : update: added Pink-Floyd/1979 - The Wall 2011 Remaster/CD2/08. In The Flesh.mp3
Sep 17 22:47 : update: added Pink-Floyd/1979 - The Wall 2011 Remaster/CD2/05. Bring The Boys Back Home.mp3
Sep 17 22:47 : update: added Pink-Floyd/1979 - The Wall 2011 Remaster/CD2/01. Hey You.mp3
Sep 17 22:47 : update: added Pink-Floyd/1979 - The Wall 2011 Remaster/CD2/09. Run Like Hell.mp3
Sep 17 22:47 : update: added Pink-Floyd/1979 - The Wall 2011 Remaster/CD2/04. Vera.mp3
Sep 17 22:47 : update: added Pink-Floyd/1979 - The Wall 2011 Remaster/CD2/03. Nobody Home.mp3
Sep 17 22:47 : update: added Pink-Floyd/1979 - The Wall 2011 Remaster/CD2/11. Stop.mp3
Sep 17 22:47 : update: added Pink-Floyd/1982 - The Final Cut 2011 Remaster/04. When the Tigers Broke Free.mp3
Sep 17 22:47 : update: added Pink-Floyd/1982 - The Final Cut 2011 Remaster/07. Paranoid Eyes.mp3
Sep 17 22:47 : update: added Pink-Floyd/1982 - The Final Cut 2011 Remaster/08. Get Your Filthy Hands Off My Desert.mp3
Sep 17 22:47 : update: added Pink-Floyd/1982 - The Final Cut 2011 Remaster/12. Not Now John.mp3
Sep 17 22:47 : update: added Pink-Floyd/1982 - The Final Cut 2011 Remaster/01. The Post War Dream.mp3
Sep 17 22:47 : update: added Pink-Floyd/1982 - The Final Cut 2011 Remaster/11. The Final Cut.mp3
Sep 17 22:47 : update: added Pink-Floyd/1982 - The Final Cut 2011 Remaster/03. One of the Few.mp3
Sep 17 22:47 : update: added Pink-Floyd/1982 - The Final Cut 2011 Remaster/06. The Gunner's Dream.mp3
Sep 17 22:47 : update: added Pink-Floyd/1982 - The Final Cut 2011 Remaster/02. Your Possible Pasts.mp3
Sep 17 22:47 : update: added Pink-Floyd/1982 - The Final Cut 2011 Remaster/09. The Fletcher Memorial Home.mp3
Sep 17 22:47 : update: added Pink-Floyd/1982 - The Final Cut 2011 Remaster/10. Southampton Dock.mp3
Sep 17 22:47 : update: added Pink-Floyd/1982 - The Final Cut 2011 Remaster/05. The Hero's Return.mp3
Sep 17 22:47 : update: added Pink-Floyd/1982 - The Final Cut 2011 Remaster/13. Two Suns In The Sunset.mp3
Sep 17 22:47 : update: added Pink-Floyd/1977 - Animals 2011 Remaster/05 Pigs On The Wing 2.mp3
Sep 17 22:47 : update: added Pink-Floyd/1977 - Animals 2011 Remaster/03 Pigs (Three Different Ones).mp3
Sep 17 22:47 : update: added Pink-Floyd/1977 - Animals 2011 Remaster/02 Dogs.mp3
Sep 17 22:47 : update: added Pink-Floyd/1977 - Animals 2011 Remaster/01 Pigs On The Wing 1.mp3
Sep 17 22:47 : update: added Pink-Floyd/1977 - Animals 2011 Remaster/04 Sheep.mp3
Sep 17 22:47 : update: added Pink-Floyd/1994 - The Divison Bell 2011 Remaster/10. Lost For Words.mp3
Sep 17 22:47 : update: added Pink-Floyd/1994 - The Divison Bell 2011 Remaster/05. A Great Day For Freedom.mp3
Sep 17 22:47 : update: added Pink-Floyd/1994 - The Divison Bell 2011 Remaster/09. Keep Talking.mp3
Sep 17 22:47 : update: added Pink-Floyd/1994 - The Divison Bell 2011 Remaster/08. Coming Back To Life.mp3
Sep 17 22:47 : update: added Pink-Floyd/1994 - The Divison Bell 2011 Remaster/07. Take It Back.mp3
Sep 17 22:47 : update: added Pink-Floyd/1994 - The Divison Bell 2011 Remaster/02. What Do You Want From Me.mp3
Sep 17 22:47 : update: added Pink-Floyd/1994 - The Divison Bell 2011 Remaster/03. Poles Apart.mp3
Sep 17 22:47 : update: added Pink-Floyd/1994 - The Divison Bell 2011 Remaster/06. Wearing The Inside Out.mp3
Sep 17 22:47 : update: added Pink-Floyd/1994 - The Divison Bell 2011 Remaster/11. High Hopes.mp3
Sep 17 22:47 : update: added Pink-Floyd/1994 - The Divison Bell 2011 Remaster/01. Cluster One.mp3
Sep 17 22:47 : update: added Pink-Floyd/1994 - The Divison Bell 2011 Remaster/04. Marooned.mp3
Sep 17 22:47 : update: added Pink-Floyd/2011 - A Foot In The Door - The Best Of Pink Floyd/14. Shine On You Crazy Diamond (Parts 1-5).mp3
Sep 17 22:47 : update: added Pink-Floyd/2011 - A Foot In The Door - The Best Of Pink Floyd/08. The Great Gig In The Sky.mp3
Sep 17 22:47 : update: added Pink-Floyd/2011 - A Foot In The Door - The Best Of Pink Floyd/12. Learning To Fly.mp3
Sep 17 22:47 : update: added Pink-Floyd/2011 - A Foot In The Door - The Best Of Pink Floyd/05. Have A Cigar.mp3
Sep 17 22:47 : update: added Pink-Floyd/2011 - A Foot In The Door - The Best Of Pink Floyd/16. Eclipse.mp3
Sep 17 22:47 : update: added Pink-Floyd/2011 - A Foot In The Door - The Best Of Pink Floyd/06. Wish You Were Here.mp3
Sep 17 22:47 : update: added Pink-Floyd/2011 - A Foot In The Door - The Best Of Pink Floyd/02. See Emily Play.mp3
Sep 17 22:47 : update: added Pink-Floyd/2011 - A Foot In The Door - The Best Of Pink Floyd/11. High Hopes.mp3
Sep 17 22:47 : update: added Pink-Floyd/2011 - A Foot In The Door - The Best Of Pink Floyd/01. Hey You.mp3
Sep 17 22:47 : update: added Pink-Floyd/2011 - A Foot In The Door - The Best Of Pink Floyd/10. Comfortably Numb.mp3
Sep 17 22:47 : update: added Pink-Floyd/2011 - A Foot In The Door - The Best Of Pink Floyd/09. Money.mp3
Sep 17 22:47 : update: added Pink-Floyd/2011 - A Foot In The Door - The Best Of Pink Floyd/03. The Happiest Days Of Our Lives.mp3
Sep 17 22:47 : update: added Pink-Floyd/2011 - A Foot In The Door - The Best Of Pink Floyd/04. Another Brick In The Wall Pt.2.mp3
Sep 17 22:47 : update: added Pink-Floyd/2011 - A Foot In The Door - The Best Of Pink Floyd/15. Brain Damage.mp3
Sep 17 22:47 : update: added Pink-Floyd/2011 - A Foot In The Door - The Best Of Pink Floyd/13. The Fletcher Memorial Home.mp3
Sep 17 22:47 : update: added Pink-Floyd/2011 - A Foot In The Door - The Best Of Pink Floyd/07. Time.mp3
Sep 17 22:47 : update: added Pink-Floyd/1987 - A Momentary Lapse Of Reason 2011 Remaster/07. Round And Around.mp3
Sep 17 22:47 : update: added Pink-Floyd/1987 - A Momentary Lapse Of Reason 2011 Remaster/04. One Slip.mp3
Sep 17 22:47 : update: added Pink-Floyd/1987 - A Momentary Lapse Of Reason 2011 Remaster/02. Learning To Fly.mp3
Sep 17 22:47 : update: added Pink-Floyd/1987 - A Momentary Lapse Of Reason 2011 Remaster/05. On The Turning Away.mp3
Sep 17 22:47 : update: added Pink-Floyd/1987 - A Momentary Lapse Of Reason 2011 Remaster/09. Terminal Frost.mp3
Sep 17 22:47 : update: added Pink-Floyd/1987 - A Momentary Lapse Of Reason 2011 Remaster/11. Sorrow.mp3
Sep 17 22:47 : update: added Pink-Floyd/1987 - A Momentary Lapse Of Reason 2011 Remaster/03. The Dogs Of War.mp3
Sep 17 22:47 : update: added Pink-Floyd/1987 - A Momentary Lapse Of Reason 2011 Remaster/10. A New Machine Pt.2.mp3
Sep 17 22:47 : update: added Pink-Floyd/1987 - A Momentary Lapse Of Reason 2011 Remaster/08. A New Machine Pt.1.mp3
Sep 17 22:47 : update: added Pink-Floyd/1987 - A Momentary Lapse Of Reason 2011 Remaster/06. Yet Another Movie.mp3
Sep 17 22:47 : update: added Pink-Floyd/1987 - A Momentary Lapse Of Reason 2011 Remaster/01. Signs Of Life.mp3
Sep 17 22:47 : update: added Pink-Floyd/1975 - Wish You Were Here 2011 Remaster/04 Wish You Were Here.mp3
Sep 17 22:47 : update: added Pink-Floyd/1975 - Wish You Were Here 2011 Remaster/05 Shine On You Crazy Diamond (Parts 6-9).mp3
Sep 17 22:52 : config: option 'mixer_device' on line 13 was not recognized
Sep 17 22:52 : config: option 'mixer_control' on line 14 was not recognized
Sep 17 22:52 : client: [0] opened from [::1]:51668
Sep 17 22:52 : client: [0] closed
Sep 17 22:53 : client: [1] opened from [::1]:51670
Sep 17 22:54 : client: [1] closed
Sep 17 22:54 : client: [2] opened from [::1]:51672
Sep 17 22:54 : player: played "Pink-Floyd/1979 - The Wall 2011 Remaster/CD2/06. Comfortably Numb.mp3"
Sep 17 22:59 : client: [3] opened from [::1]:51756
Sep 17 22:59 : player: played "Pink-Floyd/2011 - A Foot In The Door - The Best Of Pink Floyd/09. Money.mp3"
Sep 17 22:59 : player: played "Pink-Floyd/1979 - The Wall 2011 Remaster/CD2/09. Run Like Hell.mp3"
Sep 17 23:04 : player: played "Pink-Floyd/2011 - A Foot In The Door - The Best Of Pink Floyd/08. The Great Gig In The Sky.mp3"
Sep 17 23:08 : player: played "Pink-Floyd/2011 - A Foot In The Door - The Best Of Pink Floyd/13. The Fletcher Memorial Home.mp3"
Sep 17 23:15 : player: played "Pink-Floyd/1979 - The Wall 2011 Remaster/CD2/06. Comfortably Numb.mp3"
Sep 17 23:15 : player: played "Pink-Floyd/1987 - A Momentary Lapse Of Reason 2011 Remaster/08. A New Machine Pt.1.mp3"
Sep 17 23:22 : player: played "Pink-Floyd/2011 - A Foot In The Door - The Best Of Pink Floyd/07. Time.mp3"
Sep 17 23:22 : player: played "Pink-Floyd/1979 - The Wall 2011 Remaster/CD2/06. Comfortably Numb.mp3"
Sep 17 23:26 : player: played "Pink-Floyd/2011 - A Foot In The Door - The Best Of Pink Floyd/01. Hey You.mp3"
Sep 17 23:28 : config: option 'mixer_device' on line 13 was not recognized
Sep 17 23:28 : config: option 'mixer_control' on line 14 was not recognized
Sep 17 23:29 : client: [0] opened from [::1]:45302
Sep 17 23:50 : config: option 'mixer_device' on line 13 was not recognized
Sep 17 23:50 : config: option 'mixer_control' on line 14 was not recognized
Sep 17 23:50 : client: [0] opened from [::1]:43624
Sep 17 23:51 : client: [0] closed
Sep 17 23:51 : player: played "Pink-Floyd/2011 - A Foot In The Door - The Best Of Pink Floyd/14. Shine On You Crazy Diamond (Parts 1-5).mp3"
Sep 18 00:04 : client: [1] opened from [::1]:43748
Sep 18 00:08 : player: played "Pink-Floyd/2011 - A Foot In The Door - The Best Of Pink Floyd/13. The Fletcher Memorial Home.mp3"
Sep 18 00:14 : player: played "Pink-Floyd/2011 - A Foot In The Door - The Best Of Pink Floyd/07. Time.mp3"
Sep 18 00:14 : player: played "Pink-Floyd/1979 - The Wall 2011 Remaster/CD2/06. Comfortably Numb.mp3"
Sep 18 00:21 : player: played "Pink-Floyd/2011 - A Foot In The Door - The Best Of Pink Floyd/09. Money.mp3"
Sep 18 00:25 : player: played "Pink-Floyd/1979 - The Wall 2011 Remaster/CD2/09. Run Like Hell.mp3"
Sep 18 00:27 : client: [1] closed
Sep 18 00:27 : player: played "Pink-Floyd/2011 - A Foot In The Door - The Best Of Pink Floyd/08. The Great Gig In The Sky.mp3"
Sep 18 11:08 : config: option 'mixer_device' on line 13 was not recognized
Sep 18 11:08 : config: option 'mixer_control' on line 14 was not recognized
Sep 18 11:08 : client: [0] opened from [::1]:41828
Sep 18 11:08 : client: [0] closed
Sep 18 11:08 : client: [1] opened from [::1]:41830
Sep 18 11:08 : client: [1] closed
Sep 18 11:08 : client: [2] opened from [::1]:41832
Sep 18 11:09 : client: [3] opened from [::1]:41834
Sep 18 11:09 : client: [4] opened from [::1]:41836
Sep 18 11:10 : player: played "Pink-Floyd/2011 - A Foot In The Door - The Best Of Pink Floyd/08. The Great Gig In The Sky.mp3"
Sep 18 11:15 : player: played "Pink-Floyd/2011 - A Foot In The Door - The Best Of Pink Floyd/06. Wish You Were Here.mp3"
Sep 18 11:22 : player: played "Pink-Floyd/2011 - A Foot In The Door - The Best Of Pink Floyd/07. Time.mp3"
Sep 18 11:35 : player: played "Pink-Floyd/2011 - A Foot In The Door - The Best Of Pink Floyd/10. Comfortably Numb.mp3"
Sep 18 11:38 : player: played "Pink-Floyd/2011 - A Foot In The Door - The Best Of Pink Floyd/04. Another Brick In The Wall Pt.2.mp3"
Sep 18 11:44 : player: played "Pink-Floyd/2011 - A Foot In The Door - The Best Of Pink Floyd/05. Have A Cigar.mp3"
Sep 18 12:21 : client: [4] closed
Sep 18 12:21 : client: [3] closed
Sep 18 12:21 : client: [2] closed
Sep 18 12:23 : player: played "Pink-Floyd/2011 - A Foot In The Door - The Best Of Pink Floyd/05. Have A Cigar.mp3"
Sep 18 12:35 : config: option 'mixer_device' on line 13 was not recognized
Sep 18 12:35 : config: option 'mixer_control' on line 14 was not recognized
Sep 18 12:35 : client: [0] opened from [::1]:42114
Sep 18 12:35 : client: [0] closed
Sep 18 12:35 : client: [1] opened from [::1]:42116
Sep 18 12:36 : client: [2] opened from [::1]:42118
Sep 18 12:36 : client: [3] opened from [::1]:42120
Sep 18 12:36 : player: played "Pink-Floyd/2011 - A Foot In The Door - The Best Of Pink Floyd/05. Have A Cigar.mp3"
Sep 18 13:21 : client: [3] closed
Sep 18 13:21 : client: [1] closed
Sep 18 13:21 : avahi: Client Disconnected, will reconnect shortly
Sep 18 13:21 : avahi: Could not reconnect: An unexpected D-Bus error occurred
Sep 18 13:21 : player: played "Pink-Floyd/2011 - A Foot In The Door - The Best Of Pink Floyd/05. Have A Cigar.mp3"
Sep 18 13:42 : config: option 'mixer_device' on line 13 was not recognized
Sep 18 13:42 : config: option 'mixer_control' on line 14 was not recognized
Sep 18 14:36 : client: [0] opened from [::1]:35972
Sep 18 14:36 : client: [1] opened from [::1]:35974
Sep 18 14:36 : client: [2] opened from [::1]:35976
Sep 18 14:36 : update: added podcasts/69.mp3
Sep 18 14:37 : player: played "Pink-Floyd/2011 - A Foot In The Door - The Best Of Pink Floyd/05. Have A Cigar.mp3"
Sep 18 14:37 : player: played "podcasts/69.mp3"
Sep 18 14:37 : player: played "podcasts/69.mp3"
Sep 18 18:54 : player: played "podcasts/69.mp3"
Sep 18 19:27 : player: played "Pink-Floyd/1975 - Wish You Were Here 2011 Remaster/04 Wish You Were Here.mp3"
Sep 18 21:22 : player: played "Pink-Floyd/1975 - Wish You Were Here 2011 Remaster/05 Shine On You Crazy Diamond (Parts 6-9).mp3"
Sep 18 21:22 : player: played "Pink-Floyd/1979 - The Wall 2011 Remaster/CD2/01. Hey You.mp3"
Sep 18 21:22 : player: played "Pink-Floyd/1979 - The Wall 2011 Remaster/CD2/01. Hey You.mp3"
Sep 18 22:52 : config: option 'mixer_device' on line 13 was not recognized
Sep 18 22:52 : config: option 'mixer_control' on line 14 was not recognized
Sep 18 22:53 : client: [0] opened from [::1]:41036
Sep 18 22:53 : client: [1] opened from [::1]:41038
Sep 18 22:53 : client: [2] opened from [::1]:41040
Sep 18 22:53 : player: played "Pink-Floyd/2011 - A Foot In The Door - The Best Of Pink Floyd/08. The Great Gig In The Sky.mp3"
Sep 18 22:58 : player: played "Pink-Floyd/2011 - A Foot In The Door - The Best Of Pink Floyd/01. Hey You.mp3"
Sep 18 23:01 : player: played "Pink-Floyd/2011 - A Foot In The Door - The Best Of Pink Floyd/02. See Emily Play.mp3"
Sep 18 23:02 : player: played "Pink-Floyd/2011 - A Foot In The Door - The Best Of Pink Floyd/03. The Happiest Days Of Our Lives.mp3"
Sep 18 23:06 : player: played "Pink-Floyd/2011 - A Foot In The Door - The Best Of Pink Floyd/04. Another Brick In The Wall Pt.2.mp3"
Sep 18 23:10 : alsa_output: "MPD ALSA" [alsa] failed to play: Broken pipe
Sep 18 23:10 : player: played "Pink-Floyd/2011 - A Foot In The Door - The Best Of Pink Floyd/05. Have A Cigar.mp3"
Sep 19 08:45 : config: option 'mixer_device' on line 13 was not recognized
Sep 19 08:45 : config: option 'mixer_control' on line 14 was not recognized
Sep 19 08:45 : client: [0] opened from [::1]:60344
Sep 19 08:46 : client: [1] opened from [::1]:60346
Sep 19 08:46 : client: [2] opened from [::1]:60348
Sep 19 08:59 : player: played "Pink-Floyd/2011 - A Foot In The Door - The Best Of Pink Floyd/05. Have A Cigar.mp3"
Sep 19 16:47 : config: option 'mixer_device' on line 13 was not recognized
Sep 19 16:47 : config: option 'mixer_control' on line 14 was not recognized
Sep 19 16:58 : client: [0] opened from [::1]:45048
Sep 19 16:58 : client: [1] opened from [::1]:45050
Sep 19 16:58 : client: [2] opened from [::1]:45052
Sep 19 16:58 : player: played "Pink-Floyd/2011 - A Foot In The Door - The Best Of Pink Floyd/05. Have A Cigar.mp3"
Sep 19 19:18 : player: played "Pink-Floyd/2011 - A Foot In The Door - The Best Of Pink Floyd/05. Have A Cigar.mp3"
Sep 19 19:18 : player: played "Pink-Floyd/1994 - The Divison Bell 2011 Remaster/05. A Great Day For Freedom.mp3"
Sep 19 19:18 : player: played "Pink-Floyd/1994 - The Divison Bell 2011 Remaster/05. A Great Day For Freedom.mp3"
Sep 19 20:22 : client: [0] closed
Sep 19 20:22 : client: [1] closed
Sep 19 20:22 : client: [2] closed
Sep 19 20:46 : client: [3] opened from [::1]:49780
Sep 19 20:46 : client: [4] opened from [::1]:49782
Sep 19 20:46 : player: played "Pink-Floyd/1994 - The Divison Bell 2011 Remaster/05. A Great Day For Freedom.mp3"
Sep 19 20:46 : client: [5] opened from [::1]:49784
Sep 19 20:47 : avahi: Client Disconnected, will reconnect shortly
Sep 19 20:47 : avahi: Could not reconnect: An unexpected D-Bus error occurred
Sep 19 20:47 : player: played "Pink-Floyd/1994 - The Divison Bell 2011 Remaster/05. A Great Day For Freedom.mp3"
Sep 20 18:53 : config: option 'mixer_device' on line 13 was not recognized
Sep 20 18:53 : config: option 'mixer_control' on line 14 was not recognized
Sep 20 18:54 : client: [0] opened from [::1]:55160
Sep 20 18:54 : client: [1] opened from [::1]:55162
Sep 20 18:54 : client: [2] opened from [::1]:55164
Sep 20 18:54 : player: played "Pink-Floyd/1994 - The Divison Bell 2011 Remaster/05. A Great Day For Freedom.mp3"
Sep 20 19:17 : config: option 'mixer_device' on line 13 was not recognized
Sep 20 19:17 : config: option 'mixer_control' on line 14 was not recognized
Sep 20 19:17 : client: [0] opened from [::1]:39618
Sep 20 19:53 : player: played "Pink-Floyd/2011 - A Foot In The Door - The Best Of Pink Floyd/08. The Great Gig In The Sky.mp3"
Sep 20 20:04 : player: played "Pink-Floyd/2011 - A Foot In The Door - The Best Of Pink Floyd/05. Have A Cigar.mp3"
Sep 20 20:04 : player: played "Pink-Floyd/2011 - A Foot In The Door - The Best Of Pink Floyd/08. The Great Gig In The Sky.mp3"
Sep 20 20:04 : player: played "Pink-Floyd/2011 - A Foot In The Door - The Best Of Pink Floyd/09. Money.mp3"
Sep 20 20:10 : player: played "Pink-Floyd/1979 - The Wall 2011 Remaster/CD2/06. Comfortably Numb.mp3"
Sep 20 20:17 : player: played "Pink-Floyd/2011 - A Foot In The Door - The Best Of Pink Floyd/09. Money.mp3"
Sep 20 20:17 : player: played "Pink-Floyd/1979 - The Wall 2011 Remaster/CD2/09. Run Like Hell.mp3"
Sep 20 20:17 : player: played "Pink-Floyd/2011 - A Foot In The Door - The Best Of Pink Floyd/13. The Fletcher Memorial Home.mp3"
Sep 20 20:17 : player: played "Pink-Floyd/2011 - A Foot In The Door - The Best Of Pink Floyd/08. The Great Gig In The Sky.mp3"
Sep 20 20:28 : player: played "Pink-Floyd/2011 - A Foot In The Door - The Best Of Pink Floyd/14. Shine On You Crazy Diamond (Parts 1-5).mp3"
Sep 20 20:33 : player: played "Pink-Floyd/2011 - A Foot In The Door - The Best Of Pink Floyd/06. Wish You Were Here.mp3"
Sep 20 20:38 : player: played "Pink-Floyd/2011 - A Foot In The Door - The Best Of Pink Floyd/06. Wish You Were Here.mp3"
Sep 20 20:45 : player: played "Pink-Floyd/2011 - A Foot In The Door - The Best Of Pink Floyd/07. Time.mp3"
Sep 20 21:57 : player: played "Pink-Floyd/2011 - A Foot In The Door - The Best Of Pink Floyd/10. Comfortably Numb.mp3"
Sep 20 22:59 : config: option 'mixer_device' on line 13 was not recognized
Sep 20 22:59 : config: option 'mixer_control' on line 14 was not recognized
Sep 21 00:10 : player: played "Pink-Floyd/2011 - A Foot In The Door - The Best Of Pink Floyd/10. Comfortably Numb.mp3"
Sep 21 18:24 : config: option 'mixer_device' on line 13 was not recognized
Sep 21 18:24 : config: option 'mixer_control' on line 14 was not recognized
Sep 22 00:00 : player: played "Pink-Floyd/2011 - A Foot In The Door - The Best Of Pink Floyd/10. Comfortably Numb.mp3"
Sep 22 17:31 : config: option 'mixer_device' on line 13 was not recognized
Sep 22 17:31 : config: option 'mixer_control' on line 14 was not recognized
Sep 22 23:58 : player: played "Pink-Floyd/2011 - A Foot In The Door - The Best Of Pink Floyd/10. Comfortably Numb.mp3"
Sep 23 18:44 : config: option 'mixer_device' on line 13 was not recognized
Sep 23 18:44 : config: option 'mixer_control' on line 14 was not recognized
Sep 24 00:27 : client: [0] opened from [::1]:49426
Sep 24 00:27 : player: played "Pink-Floyd/2011 - A Foot In The Door - The Best Of Pink Floyd/10. Comfortably Numb.mp3"
Sep 24 00:35 : player: played "Pink-Floyd/1975 - Wish You Were Here 2011 Remaster/05 Shine On You Crazy Diamond (Parts 6-9).mp3"
Sep 24 01:33 : player: played "Pink-Floyd/2011 - A Foot In The Door - The Best Of Pink Floyd/14. Shine On You Crazy Diamond (Parts 1-5).mp3"
Sep 24 10:08 : config: option 'mixer_device' on line 13 was not recognized
Sep 24 10:08 : config: option 'mixer_control' on line 14 was not recognized
Sep 24 14:22 : client: [0] opened from [::1]:54412
Sep 24 14:57 : player: played "Pink-Floyd/2011 - A Foot In The Door - The Best Of Pink Floyd/14. Shine On You Crazy Diamond (Parts 1-5).mp3"
Sep 24 15:02 : player: played "Pink-Floyd/2011 - A Foot In The Door - The Best Of Pink Floyd/06. Wish You Were Here.mp3"
Sep 24 15:07 : player: played "Pink-Floyd/2011 - A Foot In The Door - The Best Of Pink Floyd/01. Hey You.mp3"
Sep 24 15:18 : player: played "Pink-Floyd/2011 - A Foot In The Door - The Best Of Pink Floyd/14. Shine On You Crazy Diamond (Parts 1-5).mp3"
Sep 24 15:23 : player: played "Pink-Floyd/2011 - A Foot In The Door - The Best Of Pink Floyd/06. Wish You Were Here.mp3"
Sep 24 15:28 : player: played "Pink-Floyd/2011 - A Foot In The Door - The Best Of Pink Floyd/06. Wish You Were Here.mp3"
Sep 24 15:34 : player: played "Pink-Floyd/2011 - A Foot In The Door - The Best Of Pink Floyd/07. Time.mp3"
Sep 24 15:41 : player: played "Pink-Floyd/2011 - A Foot In The Door - The Best Of Pink Floyd/10. Comfortably Numb.mp3"
Sep 24 15:45 : player: played "Pink-Floyd/2011 - A Foot In The Door - The Best Of Pink Floyd/04. Another Brick In The Wall Pt.2.mp3"
Sep 24 15:50 : player: played "Pink-Floyd/2011 - A Foot In The Door - The Best Of Pink Floyd/05. Have A Cigar.mp3"
Sep 24 15:55 : player: played "Pink-Floyd/2011 - A Foot In The Door - The Best Of Pink Floyd/05. Have A Cigar.mp3"
Sep 24 15:56 : player: played "podcasts/69.mp3"
Sep 24 15:56 : player: played "Pink-Floyd/1975 - Wish You Were Here 2011 Remaster/04 Wish You Were Here.mp3"
Sep 24 15:56 : player: played "Pink-Floyd/1975 - Wish You Were Here 2011 Remaster/05 Shine On You Crazy Diamond (Parts 6-9).mp3"
Sep 24 15:56 : player: played "Pink-Floyd/1979 - The Wall 2011 Remaster/CD2/06. Comfortably Numb.mp3"
Sep 24 16:03 : player: played "Pink-Floyd/2011 - A Foot In The Door - The Best Of Pink Floyd/09. Money.mp3"
Sep 24 16:07 : player: played "Pink-Floyd/1979 - The Wall 2011 Remaster/CD2/09. Run Like Hell.mp3"
Sep 24 16:13 : player: played "Pink-Floyd/2011 - A Foot In The Door - The Best Of Pink Floyd/08. The Great Gig In The Sky.mp3"
Sep 24 16:17 : player: played "Pink-Floyd/1982 - The Final Cut 2011 Remaster/09. The Fletcher Memorial Home.mp3"
Sep 24 16:54 : client: [0] closed
Sep 24 17:14 : avahi: Client Disconnected, will reconnect shortly
Sep 24 17:14 : avahi: Could not reconnect: An unexpected D-Bus error occurred
Sep 24 17:14 : player: played "Pink-Floyd/1982 - The Final Cut 2011 Remaster/10. Southampton Dock.mp3"
Sep 24 19:23 : config: option 'mixer_device' on line 13 was not recognized
Sep 24 19:23 : config: option 'mixer_control' on line 14 was not recognized
Sep 25 00:13 : player: played "Pink-Floyd/1982 - The Final Cut 2011 Remaster/10. Southampton Dock.mp3"
Sep 25 11:38 : config: option 'mixer_device' on line 13 was not recognized
Sep 25 11:38 : config: option 'mixer_control' on line 14 was not recognized
Sep 25 15:28 : player: played "Pink-Floyd/1982 - The Final Cut 2011 Remaster/10. Southampton Dock.mp3"
Sep 25 16:07 : config: option 'mixer_device' on line 13 was not recognized
Sep 25 16:07 : config: option 'mixer_control' on line 14 was not recognized
Sep 26 01:32 : player: played "Pink-Floyd/1982 - The Final Cut 2011 Remaster/10. Southampton Dock.mp3"
Sep 26 08:53 : config: option 'mixer_device' on line 13 was not recognized
Sep 26 08:53 : config: option 'mixer_control' on line 14 was not recognized
Sep 26 08:58 : player: played "Pink-Floyd/1982 - The Final Cut 2011 Remaster/10. Southampton Dock.mp3"
Sep 26 18:58 : config: option 'mixer_device' on line 13 was not recognized
Sep 26 18:58 : config: option 'mixer_control' on line 14 was not recognized
Sep 26 21:31 : client: [0] opened from [::1]:46618
Sep 26 21:31 : client: [1] opened from [::1]:46620
Sep 26 21:31 : client: [2] opened from [::1]:46622
Sep 26 21:31 : player: played "Pink-Floyd/1982 - The Final Cut 2011 Remaster/10. Southampton Dock.mp3"
Sep 26 21:36 : player: played "Pink-Floyd/2011 - A Foot In The Door - The Best Of Pink Floyd/06. Wish You Were Here.mp3"
Sep 26 21:43 : player: played "Pink-Floyd/2011 - A Foot In The Door - The Best Of Pink Floyd/07. Time.mp3"
Sep 26 21:43 : player: played "Pink-Floyd/2011 - A Foot In The Door - The Best Of Pink Floyd/10. Comfortably Numb.mp3"
Sep 27 00:48 : player: played "Pink-Floyd/2011 - A Foot In The Door - The Best Of Pink Floyd/04. Another Brick In The Wall Pt.2.mp3"
Sep 27 08:37 : config: option 'mixer_device' on line 13 was not recognized
Sep 27 08:37 : config: option 'mixer_control' on line 14 was not recognized
Sep 27 08:59 : player: played "Pink-Floyd/2011 - A Foot In The Door - The Best Of Pink Floyd/04. Another Brick In The Wall Pt.2.mp3"
Sep 27 18:55 : config: option 'mixer_device' on line 13 was not recognized
Sep 27 18:55 : config: option 'mixer_control' on line 14 was not recognized
Sep 28 00:23 : player: played "Pink-Floyd/2011 - A Foot In The Door - The Best Of Pink Floyd/04. Another Brick In The Wall Pt.2.mp3"
Sep 28 18:39 : config: option 'mixer_device' on line 13 was not recognized
Sep 28 18:39 : config: option 'mixer_control' on line 14 was not recognized
Sep 29 01:02 : avahi: Client Disconnected, will reconnect shortly
Sep 29 01:02 : avahi: Could not reconnect: An unexpected D-Bus error occurred
Sep 29 01:02 : player: played "Pink-Floyd/2011 - A Foot In The Door - The Best Of Pink Floyd/04. Another Brick In The Wall Pt.2.mp3"
Sep 29 21:46 : config: option 'mixer_device' on line 13 was not recognized
Sep 29 21:46 : config: option 'mixer_control' on line 14 was not recognized
Sep 29 23:50 : player: played "Pink-Floyd/2011 - A Foot In The Door - The Best Of Pink Floyd/04. Another Brick In The Wall Pt.2.mp3"
Sep 30 18:46 : config: option 'mixer_device' on line 13 was not recognized
Sep 30 18:46 : config: option 'mixer_control' on line 14 was not recognized
Sep 30 21:47 : client: [0] opened from [::1]:38184
Sep 30 21:47 : client: [1] opened from [::1]:38186
Sep 30 21:47 : client: [2] opened from [::1]:38188
Sep 30 21:48 : update: added REM/R.E.M. - Out Of Time - 07. Belong.flac
Sep 30 21:48 : update: added REM/R.E.M. - Out Of Time - 09. Texarkana.flac
Sep 30 21:48 : update: added REM/R.E.M. - Out Of Time - 06. Shiny Happy People.flac
Sep 30 21:48 : update: added REM/Out Of Time/R.E.M. - Out Of Time - 07. Belong.flac
Sep 30 21:48 : update: added REM/Out Of Time/R.E.M. - Out Of Time - 09. Texarkana.flac
Sep 30 21:48 : update: added REM/Out Of Time/R.E.M. - Out Of Time - 06. Shiny Happy People.flac
Sep 30 21:48 : update: added REM/Out Of Time/R.E.M. - Out Of Time - 05. Endgame.flac
Sep 30 21:48 : update: added REM/Out Of Time/R.E.M. - Out Of Time - 01. Radio Song.flac
Sep 30 21:48 : update: added REM/Out Of Time/R.E.M. - Out Of Time - 10. Country Feedback.flac
Sep 30 21:48 : update: added REM/Out Of Time/R.E.M. - Out Of Time - 04. Near Wild Heaven.flac
Sep 30 21:48 : update: added REM/Out Of Time/R.E.M. - Out Of Time - 11. Me In Honey.flac
Sep 30 21:48 : update: added REM/Out Of Time/R.E.M. - Out Of Time - 02. Losing My Religion.flac
Sep 30 21:48 : update: added REM/Out Of Time/R.E.M. - Out Of Time - 03. Low.flac
Sep 30 21:48 : update: added REM/Out Of Time/R.E.M. - Out Of Time - 08. Half A World Away.flac
Sep 30 21:48 : update: added REM/R.E.M. - Out Of Time - 05. Endgame.flac
Sep 30 21:48 : update: added REM/R.E.M. - Out Of Time - 01. Radio Song.flac
Sep 30 21:48 : update: added REM/R.E.M. - Out Of Time - 10. Country Feedback.flac
Sep 30 21:48 : update: added REM/R.E.M. - Out Of Time - 04. Near Wild Heaven.flac
Sep 30 21:48 : update: added REM/R.E.M. - Out Of Time - 11. Me In Honey.flac
Sep 30 21:48 : update: added REM/R.E.M. - Out Of Time - 02. Losing My Religion.flac
Sep 30 21:48 : update: added REM/R.E.M. - Out Of Time - 03. Low.flac
Sep 30 21:48 : update: added REM/R.E.M. - Out Of Time - 08. Half A World Away.flac
Sep 30 21:49 : player: played "Pink-Floyd/2011 - A Foot In The Door - The Best Of Pink Floyd/04. Another Brick In The Wall Pt.2.mp3"
Sep 30 21:49 : player: played "REM/R.E.M. - Out Of Time - 01. Radio Song.flac"
Sep 30 22:13 : player: played "REM/R.E.M. - Out Of Time - 06. Shiny Happy People.flac"
Sep 30 22:13 : player: played "REM/R.E.M. - Out Of Time - 02. Losing My Religion.flac"
Sep 30 22:13 : player: played "REM/Out Of Time/R.E.M. - Out Of Time - 03. Low.flac"
Sep 30 22:13 : player: played "REM/Out Of Time/R.E.M. - Out Of Time - 04. Near Wild Heaven.flac"
Sep 30 22:13 : player: played "REM/R.E.M. - Out Of Time - 05. Endgame.flac"
Sep 30 22:13 : player: played "REM/R.E.M. - Out Of Time - 06. Shiny Happy People.flac"
Sep 30 22:13 : player: played "REM/R.E.M. - Out Of Time - 07. Belong.flac"
Sep 30 22:13 : player: played "REM/R.E.M. - Out Of Time - 08. Half A World Away.flac"
Sep 30 22:13 : player: played "REM/R.E.M. - Out Of Time - 09. Texarkana.flac"
Sep 30 22:13 : player: played "REM/R.E.M. - Out Of Time - 10. Country Feedback.flac"
Sep 30 22:13 : player: played "REM/R.E.M. - Out Of Time - 11. Me In Honey.flac"
Sep 30 22:19 : player: played "REM/R.E.M. - Out Of Time - 01. Radio Song.flac"
Sep 30 22:23 : player: played "REM/Out Of Time/R.E.M. - Out Of Time - 01. Radio Song.flac"
Sep 30 22:28 : player: played "REM/Out Of Time/R.E.M. - Out Of Time - 02. Losing My Religion.flac"
Sep 30 22:33 : player: played "REM/Out Of Time/R.E.M. - Out Of Time - 03. Low.flac"
Sep 30 22:36 : player: played "REM/Out Of Time/R.E.M. - Out Of Time - 04. Near Wild Heaven.flac"
Sep 30 22:40 : player: played "REM/Out Of Time/R.E.M. - Out Of Time - 05. Endgame.flac"
Sep 30 22:43 : player: played "REM/Out Of Time/R.E.M. - Out Of Time - 06. Shiny Happy People.flac"
Sep 30 22:48 : player: played "REM/Out Of Time/R.E.M. - Out Of Time - 07. Belong.flac"
Sep 30 22:48 : player: played "REM/Out Of Time/R.E.M. - Out Of Time - 08. Half A World Away.flac"
Sep 30 22:52 : player: played "REM/R.E.M. - Out Of Time - 09. Texarkana.flac"
Sep 30 22:53 : player: played "REM/R.E.M. - Out Of Time - 10. Country Feedback.flac"
Sep 30 22:57 : player: played "REM/Out Of Time/R.E.M. - Out Of Time - 11. Me In Honey.flac"
Sep 30 23:38 : player: played "REM/R.E.M. - Out Of Time - 03. Low.flac"
Sep 30 23:42 : player: played "REM/R.E.M. - Out Of Time - 04. Near Wild Heaven.flac"
Sep 30 23:46 : player: played "REM/R.E.M. - Out Of Time - 05. Endgame.flac"
Sep 30 23:49 : player: played "REM/R.E.M. - Out Of Time - 06. Shiny Happy People.flac"
Sep 30 23:55 : player: played "REM/R.E.M. - Out Of Time - 07. Belong.flac"
Sep 30 23:58 : alsa_output: "MPD ALSA" [alsa] failed to play: Broken pipe
Sep 30 23:58 : player: played "REM/Out Of Time/R.E.M. - Out Of Time - 09. Texarkana.flac"
Oct 01 09:48 : config: option 'mixer_device' on line 13 was not recognized
Oct 01 09:48 : config: option 'mixer_control' on line 14 was not recognized
Oct 01 09:49 : client: [0] opened from [::1]:34408
Oct 01 09:49 : player: played "REM/Out Of Time/R.E.M. - Out Of Time - 09. Texarkana.flac"
Oct 01 09:49 : player: played "REM/Out Of Time/R.E.M. - Out Of Time - 10. Country Feedback.flac"
Oct 01 09:53 : player: played "REM/Out Of Time/R.E.M. - Out Of Time - 11. Me In Honey.flac"
Oct 01 09:53 : player: played "REM/Out Of Time/R.E.M. - Out Of Time - 09. Texarkana.flac"
Oct 01 09:53 : player: played "REM/Out Of Time/R.E.M. - Out Of Time - 03. Low.flac"
Oct 01 09:56 : player: played "REM/Out Of Time/R.E.M. - Out Of Time - 02. Losing My Religion.flac"
Oct 01 09:59 : update: added REM/Monster/R.E.M. - Monster - 03. King Of Comedy.flac
Oct 01 09:59 : update: added REM/Monster/R.E.M. - Monster - 08. Bang And Blame.flac
Oct 01 09:59 : update: added REM/Monster/R.E.M. - Monster - 11. Circus Envy.flac
Oct 01 09:59 : update: added REM/Monster/R.E.M. - Monster - 06. Strange Currencies.flac
Oct 01 09:59 : update: added REM/Monster/R.E.M. - Monster - 09. I Took Your Name.flac
Oct 01 09:59 : update: added REM/Monster/R.E.M. - Monster - 12. You.flac
Oct 01 09:59 : update: added REM/Monster/R.E.M. - Monster - 01. What's The Frequency, Kenneth .flac
Oct 01 09:59 : update: added REM/Monster/R.E.M. - Monster - 02. Crush With Eyeliner.flac
Oct 01 09:59 : update: added REM/Monster/R.E.M. - Monster - 04. I Don't Sleep, I Dream.flac
Oct 01 09:59 : update: added REM/Monster/R.E.M. - Monster - 05. Star 69.flac
Oct 01 09:59 : update: added REM/Monster/R.E.M. - Monster - 10. Let Me In.flac
Oct 01 09:59 : update: added REM/Monster/R.E.M. - Monster - 07. Tongue.flac
Oct 01 09:59 : player: played "REM/Monster/R.E.M. - Monster - 01. What's The Frequency, Kenneth .flac"
Oct 01 09:59 : player: played "REM/Monster/R.E.M. - Monster - 02. Crush With Eyeliner.flac"
Oct 01 09:59 : player: played "REM/Monster/R.E.M. - Monster - 02. Crush With Eyeliner.flac"
Oct 01 09:59 : player: played "REM/Monster/R.E.M. - Monster - 03. King Of Comedy.flac"
Oct 01 09:59 : player: played "REM/Monster/R.E.M. - Monster - 04. I Don't Sleep, I Dream.flac"
Oct 01 09:59 : player: played "REM/Monster/R.E.M. - Monster - 05. Star 69.flac"
Oct 01 09:59 : player: played "REM/Monster/R.E.M. - Monster - 06. Strange Currencies.flac"
Oct 01 09:59 : player: played "REM/Monster/R.E.M. - Monster - 07. Tongue.flac"
Oct 01 09:59 : player: played "REM/Monster/R.E.M. - Monster - 08. Bang And Blame.flac"
Oct 01 09:59 : player: played "REM/Monster/R.E.M. - Monster - 09. I Took Your Name.flac"
Oct 01 09:59 : player: played "REM/Monster/R.E.M. - Monster - 10. Let Me In.flac"
Oct 01 09:59 : player: played "REM/Monster/R.E.M. - Monster - 11. Circus Envy.flac"
Oct 01 09:59 : player: played "REM/Monster/R.E.M. - Monster - 12. You.flac"
Oct 01 10:02 : player: played "REM/Monster/R.E.M. - Monster - 01. What's The Frequency, Kenneth .flac"
Oct 01 10:05 : player: played "REM/Monster/R.E.M. - Monster - 02. Crush With Eyeliner.flac"
Oct 01 10:05 : player: played "REM/Monster/R.E.M. - Monster - 03. King Of Comedy.flac"
Oct 01 10:07 : update: added REM/Automatic/07. R.E.M. - Monty Got A Raw Deal.flac
Oct 01 10:07 : update: added REM/Automatic/08. R.E.M. - Ignoreland.flac
Oct 01 10:07 : update: added REM/Automatic/02. R.E.M. - Try Not To Breathe.flac
Oct 01 10:07 : update: added REM/Automatic/03. R.E.M. - The Sidewinder Sleeps Tonite.flac
Oct 01 10:07 : update: added REM/Automatic/05. R.E.M. - New Orleans Instrumental No. 1.flac
Oct 01 10:07 : update: added REM/Automatic/01. R.E.M. - Drive.flac
Oct 01 10:07 : update: added REM/Automatic/04. R.E.M. - Everybody Hurts.flac
Oct 01 10:07 : update: added REM/Automatic/12. R.E.M. - Find The River.flac
Oct 01 10:07 : update: added REM/Automatic/10. R.E.M. - Man On The Moon.flac
Oct 01 10:07 : update: added REM/Automatic/11. R.E.M. - Nightswimming.flac
Oct 01 10:07 : update: added REM/Automatic/09. R.E.M. - Star Me Kitten.flac
Oct 01 10:07 : update: added REM/Automatic/06. R.E.M. - Sweetness Follows.flac
Oct 01 10:07 : player: played "REM/Monster/R.E.M. - Monster - 04. I Don't Sleep, I Dream.flac"
Oct 01 10:11 : player: played "REM/Automatic/01. R.E.M. - Drive.flac"
Oct 01 10:16 : player: played "REM/Automatic/10. R.E.M. - Man On The Moon.flac"
Oct 01 10:22 : player: played "REM/Automatic/04. R.E.M. - Everybody Hurts.flac"
Oct 01 10:29 : player: played "REM/Automatic/05. R.E.M. - New Orleans Instrumental No. 1.flac"
Oct 01 10:59 : player: played "REM/R.E.M. - Out Of Time - 05. Endgame.flac"
Oct 01 10:59 : player: played "REM/Out Of Time/R.E.M. - Out Of Time - 04. Near Wild Heaven.flac"
Oct 01 10:59 : player: played "REM/R.E.M. - Out Of Time - 03. Low.flac"
Oct 01 10:59 : player: played "REM/Out Of Time/R.E.M. - Out Of Time - 04. Near Wild Heaven.flac"
Oct 01 10:59 : player: played "REM/R.E.M. - Out Of Time - 09. Texarkana.flac"
Oct 01 11:00 : player: played "REM/R.E.M. - Out Of Time - 11. Me In Honey.flac"
Oct 01 11:00 : player: played "REM/Out Of Time/R.E.M. - Out Of Time - 09. Texarkana.flac"
Oct 01 11:01 : player: played "REM/Out Of Time/R.E.M. - Out Of Time - 01. Radio Song.flac"
Oct 01 11:08 : player: played "REM/Out Of Time/R.E.M. - Out Of Time - 06. Shiny Happy People.flac"
Oct 01 11:10 : config: option 'mixer_device' on line 13 was not recognized
Oct 01 11:10 : config: option 'mixer_control' on line 14 was not recognized
Oct 01 11:36 : client: [0] opened from [::1]:45230
Oct 01 11:36 : client: [1] opened from [::1]:45232
Oct 01 11:36 : client: [2] opened from [::1]:45234
Oct 01 11:36 : player: played "REM/Out Of Time/R.E.M. - Out Of Time - 06. Shiny Happy People.flac"
Oct 01 11:36 : player: played "REM/Automatic/05. R.E.M. - New Orleans Instrumental No. 1.flac"
Oct 01 11:36 : player: played "REM/R.E.M. - Out Of Time - 05. Endgame.flac"
Oct 01 11:36 : player: played "REM/Out Of Time/R.E.M. - Out Of Time - 04. Near Wild Heaven.flac"
Oct 01 11:38 : player: played "REM/R.E.M. - Out Of Time - 03. Low.flac"
Oct 01 11:41 : player: played "REM/R.E.M. - Out Of Time - 03. Low.flac"
Oct 01 11:42 : player: played "REM/Automatic/10. R.E.M. - Man On The Moon.flac"
Oct 01 11:46 : player: played "REM/R.E.M. - Out Of Time - 02. Losing My Religion.flac"
Oct 01 11:51 : player: played "REM/R.E.M. - Out Of Time - 09. Texarkana.flac"
Oct 01 12:27 : player: played "REM/Out Of Time/R.E.M. - Out Of Time - 06. Shiny Happy People.flac"
Oct 01 12:32 : player: played "REM/Automatic/10. R.E.M. - Man On The Moon.flac"
Oct 01 12:33 : player: played "REM/Automatic/09. R.E.M. - Star Me Kitten.flac"
Oct 01 12:38 : player: played "REM/R.E.M. - Out Of Time - 03. Low.flac"
Oct 01 12:41 : player: played "REM/R.E.M. - Out Of Time - 06. Shiny Happy People.flac"
Oct 01 12:52 : player: played "REM/Out Of Time/R.E.M. - Out Of Time - 09. Texarkana.flac"
Oct 01 12:56 : player: played "REM/R.E.M. - Out Of Time - 03. Low.flac"
Oct 01 12:56 : player: played "REM/Automatic/01. R.E.M. - Drive.flac"
Oct 01 12:56 : player: played "REM/Automatic/02. R.E.M. - Try Not To Breathe.flac"
Oct 01 13:00 : player: played "REM/Automatic/01. R.E.M. - Drive.flac"
Oct 01 13:02 : player: played "REM/Automatic/02. R.E.M. - Try Not To Breathe.flac"
Oct 01 13:04 : player: played "REM/Automatic/03. R.E.M. - The Sidewinder Sleeps Tonite.flac"
Oct 01 13:04 : player: played "REM/Automatic/04. R.E.M. - Everybody Hurts.flac"
Oct 01 13:04 : player: played "REM/Automatic/06. R.E.M. - Sweetness Follows.flac"
Oct 01 13:04 : player: played "REM/Automatic/07. R.E.M. - Monty Got A Raw Deal.flac"
Oct 01 13:04 : player: played "REM/Automatic/08. R.E.M. - Ignoreland.flac"
Oct 01 13:04 : player: played "REM/Automatic/07. R.E.M. - Monty Got A Raw Deal.flac"
Oct 01 13:04 : player: played "REM/Automatic/09. R.E.M. - Star Me Kitten.flac"
Oct 01 13:04 : player: played "REM/Automatic/10. R.E.M. - Man On The Moon.flac"
Oct 01 13:08 : player: played "REM/Automatic/11. R.E.M. - Nightswimming.flac"
Oct 01 13:13 : player: played "REM/R.E.M. - Out Of Time - 02. Losing My Religion.flac"
Oct 01 13:17 : player: played "REM/R.E.M. - Out Of Time - 06. Shiny Happy People.flac"
Oct 01 14:37 : player: played "REM/Automatic/10. R.E.M. - Man On The Moon.flac"
Oct 01 14:40 : player: played "REM/Automatic/01. R.E.M. - Drive.flac"
Oct 01 14:45 : player: played "REM/R.E.M. - Out Of Time - 03. Low.flac"
Oct 01 14:48 : player: played "REM/Out Of Time/R.E.M. - Out Of Time - 04. Near Wild Heaven.flac"
Oct 01 14:52 : player: played "REM/Out Of Time/R.E.M. - Out Of Time - 07. Belong.flac"
Oct 01 19:06 : player: played "REM/R.E.M. - Out Of Time - 09. Texarkana.flac"
Oct 01 19:11 : player: played "REM/R.E.M. - Out Of Time - 03. Low.flac"
Oct 01 19:15 : player: played "REM/Out Of Time/R.E.M. - Out Of Time - 04. Near Wild Heaven.flac"
Oct 01 19:19 : player: played "REM/R.E.M. - Out Of Time - 11. Me In Honey.flac"
Oct 01 19:19 : player: played "REM/Automatic/10. R.E.M. - Man On The Moon.flac"
Oct 01 19:19 : player: played "REM/Monster/R.E.M. - Monster - 02. Crush With Eyeliner.flac"
Oct 01 19:19 : player: played "REM/Monster/R.E.M. - Monster - 03. King Of Comedy.flac"
Oct 01 19:19 : player: played "REM/Monster/R.E.M. - Monster - 04. I Don't Sleep, I Dream.flac"
Oct 01 19:19 : player: played "REM/Monster/R.E.M. - Monster - 05. Star 69.flac"
Oct 01 19:19 : player: played "REM/Monster/R.E.M. - Monster - 06. Strange Currencies.flac"
Oct 01 19:19 : player: played "REM/Monster/R.E.M. - Monster - 07. Tongue.flac"
Oct 01 20:00 : player: played "REM/R.E.M. - Out Of Time - 08. Half A World Away.flac"
Oct 01 20:00 : player: played "REM/R.E.M. - Out Of Time - 09. Texarkana.flac"
Oct 01 20:01 : player: played "REM/R.E.M. - Out Of Time - 03. Low.flac"
Oct 01 20:15 : player: played "REM/R.E.M. - Out Of Time - 02. Losing My Religion.flac"
Oct 01 20:32 : player: played "REM/R.E.M. - Out Of Time - 02. Losing My Religion.flac"
Oct 01 20:37 : player: played "REM/Automatic/10. R.E.M. - Man On The Moon.flac"
Oct 02 11:35 : player: played "REM/Automatic/04. R.E.M. - Everybody Hurts.flac"
Oct 02 11:36 : config: option 'mixer_device' on line 13 was not recognized
Oct 02 11:36 : config: option 'mixer_control' on line 14 was not recognized
Oct 02 12:09 : client: [0] opened from [::1]:60528
Oct 02 12:09 : client: [1] opened from [::1]:60530
Oct 02 12:09 : client: [2] opened from [::1]:60532
Oct 02 12:12 : player: played "REM/Automatic/04. R.E.M. - Everybody Hurts.flac"
Oct 02 13:10 : player: played "REM/R.E.M. - Out Of Time - 02. Losing My Religion.flac"
Oct 02 13:15 : config: option 'mixer_device' on line 13 was not recognized
Oct 02 13:15 : config: option 'mixer_control' on line 14 was not recognized
Oct 02 13:15 : client: [0] opened from [::1]:48674
Oct 02 13:16 : client: [1] opened from [::1]:48676
Oct 02 13:16 : client: [2] opened from [::1]:48678
Oct 02 13:18 : player: played "REM/Out Of Time/R.E.M. - Out Of Time - 01. Radio Song.flac"
Oct 02 13:18 : player: played "REM/R.E.M. - Out Of Time - 01. Radio Song.flac"
Oct 02 13:18 : player: played "REM/R.E.M. - Out Of Time - 02. Losing My Religion.flac"
Oct 02 13:18 : player: played "REM/Out Of Time/R.E.M. - Out Of Time - 03. Low.flac"
Oct 02 13:18 : player: played "REM/Out Of Time/R.E.M. - Out Of Time - 04. Near Wild Heaven.flac"
Oct 02 13:18 : player: played "REM/R.E.M. - Out Of Time - 05. Endgame.flac"
Oct 02 13:18 : player: played "REM/R.E.M. - Out Of Time - 06. Shiny Happy People.flac"
Oct 02 13:18 : player: played "REM/R.E.M. - Out Of Time - 07. Belong.flac"
Oct 02 13:18 : player: played "REM/R.E.M. - Out Of Time - 08. Half A World Away.flac"
Oct 02 13:18 : player: played "REM/R.E.M. - Out Of Time - 09. Texarkana.flac"
Oct 02 13:18 : player: played "REM/R.E.M. - Out Of Time - 10. Country Feedback.flac"
Oct 02 13:18 : player: played "REM/R.E.M. - Out Of Time - 11. Me In Honey.flac"
Oct 02 13:22 : player: played "REM/R.E.M. - Out Of Time - 02. Losing My Religion.flac"
Oct 02 13:27 : player: played "REM/R.E.M. - Out Of Time - 03. Low.flac"
Oct 02 13:31 : player: played "REM/R.E.M. - Out Of Time - 04. Near Wild Heaven.flac"
Oct 02 13:32 : player: played "REM/R.E.M. - Out Of Time - 05. Endgame.flac"
Oct 02 13:36 : player: played "REM/R.E.M. - Out Of Time - 06. Shiny Happy People.flac"
Oct 02 13:40 : player: played "REM/R.E.M. - Out Of Time - 07. Belong.flac"
Oct 02 13:42 : player: played "REM/R.E.M. - Out Of Time - 08. Half A World Away.flac"
Oct 02 13:45 : player: played "REM/R.E.M. - Out Of Time - 09. Texarkana.flac"
Oct 02 13:50 : player: played "REM/R.E.M. - Out Of Time - 11. Me In Honey.flac"
Oct 02 13:54 : player: played "REM/Out Of Time/R.E.M. - Out Of Time - 01. Radio Song.flac"
Oct 02 13:58 : player: played "REM/Out Of Time/R.E.M. - Out Of Time - 02. Losing My Religion.flac"
Oct 02 13:59 : player: played "REM/Out Of Time/R.E.M. - Out Of Time - 03. Low.flac"
Oct 02 13:59 : player: played "REM/Automatic/01. R.E.M. - Drive.flac"
Oct 02 14:03 : player: played "REM/Automatic/01. R.E.M. - Drive.flac"
Oct 02 14:03 : player: played "REM/Automatic/07. R.E.M. - Monty Got A Raw Deal.flac"
Oct 02 14:32 : player: played "REM/Automatic/02. R.E.M. - Try Not To Breathe.flac"
Oct 02 14:37 : player: played "REM/Automatic/04. R.E.M. - Everybody Hurts.flac"
Oct 02 14:40 : player: played "REM/Automatic/05. R.E.M. - New Orleans Instrumental No. 1.flac"
Oct 02 14:45 : player: played "REM/Automatic/10. R.E.M. - Man On The Moon.flac"
Oct 02 14:49 : player: played "REM/R.E.M. - Out Of Time - 01. Radio Song.flac"
Oct 02 16:54 : config: option 'mixer_device' on line 13 was not recognized
Oct 02 16:54 : config: option 'mixer_control' on line 14 was not recognized
Oct 02 17:34 : client: [0] opened from [::1]:51182
Oct 02 17:34 : client: [1] opened from [::1]:51188
Oct 02 17:34 : client: [2] opened from [::1]:51196
Oct 02 17:38 : player: played "REM/R.E.M. - Out Of Time - 02. Losing My Religion.flac"
Oct 02 18:21 : player: played "REM/R.E.M. - Out Of Time - 01. Radio Song.flac"
Oct 02 18:21 : player: played "REM/R.E.M. - Out Of Time - 02. Losing My Religion.flac"
Oct 02 18:21 : player: played "REM/R.E.M. - Out Of Time - 03. Low.flac"
Oct 02 18:21 : player: played "REM/R.E.M. - Out Of Time - 07. Belong.flac"
Oct 02 18:21 : player: played "REM/R.E.M. - Out Of Time - 08. Half A World Away.flac"
Oct 02 18:21 : player: played "REM/R.E.M. - Out Of Time - 09. Texarkana.flac"
Oct 02 18:21 : player: played "REM/R.E.M. - Out Of Time - 10. Country Feedback.flac"
Oct 02 18:22 : player: played "REM/R.E.M. - Out Of Time - 11. Me In Honey.flac"
Oct 02 18:23 : update: removing REM/R.E.M. - Out Of Time - 01. Radio Song.flac
Oct 02 18:23 : update: removing REM/R.E.M. - Out Of Time - 02. Losing My Religion.flac
Oct 02 18:23 : update: removing REM/R.E.M. - Out Of Time - 03. Low.flac
Oct 02 18:23 : update: removing REM/R.E.M. - Out Of Time - 04. Near Wild Heaven.flac
Oct 02 18:23 : update: removing REM/R.E.M. - Out Of Time - 05. Endgame.flac
Oct 02 18:23 : update: removing REM/R.E.M. - Out Of Time - 06. Shiny Happy People.flac
Oct 02 18:23 : update: removing REM/R.E.M. - Out Of Time - 07. Belong.flac
Oct 02 18:23 : update: removing REM/R.E.M. - Out Of Time - 08. Half A World Away.flac
Oct 02 18:23 : update: removing REM/R.E.M. - Out Of Time - 09. Texarkana.flac
Oct 02 18:23 : update: removing REM/R.E.M. - Out Of Time - 10. Country Feedback.flac
Oct 02 18:23 : update: removing REM/R.E.M. - Out Of Time - 11. Me In Honey.flac
Oct 02 18:23 : update: added REM/REM - Reckoning (MFSL) 1984/08 - Camera.flac
Oct 02 18:23 : update: added REM/REM - Reckoning (MFSL) 1984/02 - 7 Chinese Brothers.flac
Oct 02 18:23 : update: added REM/REM - Reckoning (MFSL) 1984/03 - Southern Central Rain (I'm Sorry).flac
Oct 02 18:23 : update: added REM/REM - Reckoning (MFSL) 1984/07 - Letter Never Sent.flac
Oct 02 18:23 : update: added REM/REM - Reckoning (MFSL) 1984/04 - Pretty Persuasion.flac
Oct 02 18:23 : update: added REM/REM - Reckoning (MFSL) 1984/01 - Harborcoat.flac
Oct 02 18:23 : update: added REM/REM - Reckoning (MFSL) 1984/05 - Time After Time (Annelise).flac
Oct 02 18:23 : update: added REM/REM - Reckoning (MFSL) 1984/10 - Little America.flac
Oct 02 18:23 : update: added REM/REM - Reckoning (MFSL) 1984/06 - Second Guessing.flac
Oct 02 18:23 : update: added REM/REM - Reckoning (MFSL) 1984/09 - (Don't Go Back To) Rockville.flac
Oct 02 18:23 : ffmpeg/flac: Could not find codec parameters for stream 0 (Audio: flac, 0 channels): unspecified sample format
Consider increasing the value for the 'analyzeduration' and 'probesize' options
Oct 02 18:23 : update: added REM/REM - Lifes Rich Pageant 1986/07. R.E.M. - The Flowers Of Guatemala.flac
Oct 02 18:23 : ffmpeg/flac: Could not find codec parameters for stream 0 (Audio: flac, 0 channels): unspecified sample format
Consider increasing the value for the 'analyzeduration' and 'probesize' options
Oct 02 18:23 : update: added REM/REM - Lifes Rich Pageant 1986/10. R.E.M. - Just A Touch.flac
Oct 02 18:23 : ffmpeg/flac: Could not find codec parameters for stream 0 (Audio: flac, 0 channels): unspecified sample format
Consider increasing the value for the 'analyzeduration' and 'probesize' options
Oct 02 18:23 : update: added REM/REM - Lifes Rich Pageant 1986/08. R.E.M. - I Believe.flac
Oct 02 18:23 : ffmpeg/flac: Could not find codec parameters for stream 0 (Audio: flac, 0 channels): unspecified sample format
Consider increasing the value for the 'analyzeduration' and 'probesize' options
Oct 02 18:23 : update: added REM/REM - Lifes Rich Pageant 1986/04. R.E.M. - Cuyahoga.flac
Oct 02 18:23 : ffmpeg/flac: Could not find codec parameters for stream 0 (Audio: flac, 0 channels): unspecified sample format
Consider increasing the value for the 'analyzeduration' and 'probesize' options
Oct 02 18:23 : update: added REM/REM - Lifes Rich Pageant 1986/03. R.E.M. - Fall On Me.flac
Oct 02 18:23 : update: added REM/REM - New Adventures In Hi-Fi 1996/01. R.E.M. - How the West Was Won and Where It Got Us.flac
Oct 02 18:23 : ffmpeg/flac: Could not find codec parameters for stream 0 (Audio: flac, 0 channels): unspecified sample format
Consider increasing the value for the 'analyzeduration' and 'probesize' options
Oct 02 18:23 : update: added REM/REM - New Adventures In Hi-Fi 1996/06. R.E.M. - Leave.flac
Oct 02 18:23 : ffmpeg/flac: Could not find codec parameters for stream 0 (Audio: flac, 0 channels): unspecified sample format
Consider increasing the value for the 'analyzeduration' and 'probesize' options
Oct 02 18:23 : update: added REM/REM - New Adventures In Hi-Fi 1996/14. R.E.M. - Electrolite.flac
Oct 02 18:23 : ffmpeg/flac: Could not find codec parameters for stream 0 (Audio: flac, 0 channels): unspecified sample format
Consider increasing the value for the 'analyzeduration' and 'probesize' options
Oct 02 18:23 : update: added REM/REM - New Adventures In Hi-Fi 1996/09. R.E.M. - Be Mine.flac
Oct 02 18:23 : ffmpeg/flac: Could not find codec parameters for stream 0 (Audio: flac, 0 channels): unspecified sample format
Consider increasing the value for the 'analyzeduration' and 'probesize' options
Oct 02 18:23 : update: added REM/REM - Accelerate 2008/08 Mr. Richards.flac
Oct 02 18:23 : ffmpeg/flac: Could not find codec parameters for stream 0 (Audio: flac, 0 channels): unspecified sample format
Consider increasing the value for the 'analyzeduration' and 'probesize' options
Oct 02 18:23 : update: added REM/REM - Accelerate 2008/02 Man-Sized Wreath.flac
Oct 02 18:23 : ffmpeg/flac: Could not find codec parameters for stream 0 (Audio: flac, 0 channels): unspecified sample format
Consider increasing the value for the 'analyzeduration' and 'probesize' options
Oct 02 18:23 : update: added REM/REM - Accelerate 2008/04 Hollow Man.flac
Oct 02 18:23 : ffmpeg/flac: Could not find codec parameters for stream 0 (Audio: flac, 0 channels): unspecified sample format
Consider increasing the value for the 'analyzeduration' and 'probesize' options
Oct 02 18:23 : update: added REM/REM - Accelerate 2008/06 Accelerate.flac
Oct 02 18:23 : ffmpeg/flac: Could not find codec parameters for stream 0 (Audio: flac, 0 channels): unspecified sample format
Consider increasing the value for the 'analyzeduration' and 'probesize' options
Oct 02 18:23 : update: added REM/REM - Accelerate 2008/05 Houston.flac
Oct 02 18:23 : ffmpeg/flac: Could not find codec parameters for stream 0 (Audio: flac, 0 channels): unspecified sample format
Consider increasing the value for the 'analyzeduration' and 'probesize' options
Oct 02 18:23 : update: added REM/REM - Accelerate 2008/10 Horse To Water.flac
Oct 02 18:23 : ffmpeg/flac: Could not find codec parameters for stream 0 (Audio: flac, 0 channels): unspecified sample format
Consider increasing the value for the 'analyzeduration' and 'probesize' options
Oct 02 18:23 : update: added REM/REM - Accelerate 2008/09 Sing For The Submarine.flac
Oct 02 18:23 : ffmpeg/flac: Could not find codec parameters for stream 0 (Audio: flac, 0 channels): unspecified sample format
Consider increasing the value for the 'analyzeduration' and 'probesize' options
Oct 02 18:23 : update: added REM/REM - Accelerate 2008/11 I'm Gonna Dj.flac
Oct 02 18:23 : update: added REM/REM - Accelerate 2008/01 Living Well Is The Best Revenge.flac
Oct 02 18:23 : update: added REM/REM - Murmur (MFSL) 1983/03 - Laughing.flac
Oct 02 18:23 : update: added REM/REM - Murmur (MFSL) 1983/09 - 9-9.flac
Oct 02 18:23 : update: added REM/REM - Murmur (MFSL) 1983/04 - Talk About The Passion.flac
Oct 02 18:23 : update: added REM/REM - Murmur (MFSL) 1983/06 - Perfect Circle.flac
Oct 02 18:23 : update: added REM/REM - Murmur (MFSL) 1983/11 - We Walk.flac
Oct 02 18:23 : update: added REM/REM - Murmur (MFSL) 1983/01 - Radio Free Europe.flac
Oct 02 18:23 : update: added REM/REM - Murmur (MFSL) 1983/07 - Catapult.flac
Oct 02 18:23 : update: added REM/REM - Murmur (MFSL) 1983/05 - Moral Kiosk.flac
Oct 02 18:23 : update: added REM/REM - Murmur (MFSL) 1983/02 - Pilgrimage.flac
Oct 02 18:23 : update: added REM/REM - Murmur (MFSL) 1983/10 - Shaking Through.flac
Oct 02 18:23 : update: added REM/REM - Murmur (MFSL) 1983/08 - Sitting Still.flac
Oct 02 18:23 : update: added REM/REM - Murmur (MFSL) 1983/12 - West of The Fields.flac
Oct 02 18:23 : ffmpeg/flac: Could not find codec parameters for stream 0 (Audio: flac, 0 channels): unspecified sample format
Consider increasing the value for the 'analyzeduration' and 'probesize' options
Oct 02 18:23 : update: added REM/REM - Reconstruction of the Fables 1985/R.E.M. - Fables of the Reconstruction - 03. Driver 8.flac
Oct 02 18:23 : update: added REM/REM - Reconstruction of the Fables 1985/R.E.M. - Fables of the Reconstruction - 01. Feeling Gravity's Pull.flac
Oct 02 18:23 : ffmpeg/flac: Could not find codec parameters for stream 0 (Audio: flac, 0 channels): unspecified sample format
Consider increasing the value for the 'analyzeduration' and 'probesize' options
Oct 02 18:23 : update: added REM/REM - Reconstruction of the Fables 1985/R.E.M. - Fables of the Reconstruction - 07. Green Grow The Rushes.flac
Oct 02 18:23 : ffmpeg/flac: Could not find codec parameters for stream 0 (Audio: flac, 0 channels): unspecified sample format
Consider increasing the value for the 'analyzeduration' and 'probesize' options
Oct 02 18:23 : update: added REM/REM - Reconstruction of the Fables 1985/R.E.M. - Fables of the Reconstruction - 02. Maps And Legends.flac
Oct 02 18:23 : ffmpeg/flac: Could not find codec parameters for stream 0 (Audio: flac, 0 channels): unspecified sample format
Consider increasing the value for the 'analyzeduration' and 'probesize' options
Oct 02 18:23 : update: added REM/REM - Reconstruction of the Fables 1985/R.E.M. - Fables of the Reconstruction - 09. Auctioneer.flac
Oct 02 18:23 : ffmpeg/flac: Could not find codec parameters for stream 0 (Audio: flac, 0 channels): unspecified sample format
Consider increasing the value for the 'analyzeduration' and 'probesize' options
Oct 02 18:23 : update: added REM/REM - Reconstruction of the Fables 1985/R.E.M. - Fables of the Reconstruction - 06. Cant Get There From Here.flac
Oct 02 18:23 : ffmpeg/flac: Could not find codec parameters for stream 0 (Audio: flac, 0 channels): unspecified sample format
Consider increasing the value for the 'analyzeduration' and 'probesize' options
Oct 02 18:23 : update: added REM/REM - Reconstruction of the Fables 1985/R.E.M. - Fables of the Reconstruction - 08. Kohoutek.flac
Oct 02 18:23 : update: added REM/REM - Around the Sun 2004/10-R.E.M.-High Speed Train.flac
Oct 02 18:23 : update: added REM/REM - Around the Sun 2004/02-R.E.M.-Electron Blue.flac
Oct 02 18:23 : update: added REM/REM - Around the Sun 2004/05-R.E.M.-Final Straw.flac
Oct 02 18:23 : update: added REM/REM - Around the Sun 2004/01-R.E.M.-Leaving New York.flac
Oct 02 18:23 : update: added REM/REM - Around the Sun 2004/04-R.E.M.-Make It All Okay.flac
Oct 02 18:23 : update: added REM/REM - Around the Sun 2004/06-R.E.M.-I Wanted To Be Wrong.flac
Oct 02 18:23 : update: added REM/REM - Around the Sun 2004/12-R.E.M.-The Ascent Of Man.flac
Oct 02 18:23 : update: added REM/REM - Around the Sun 2004/07-R.E.M.-Wanderlust.flac
Oct 02 18:23 : update: added REM/REM - Around the Sun 2004/08-R.E.M.-Boy In The Well.flac
Oct 02 18:23 : update: added REM/REM - Around the Sun 2004/09-R.E.M.-Aftermath.flac
Oct 02 18:23 : update: added REM/REM - Around the Sun 2004/03-R.E.M.-The Outsiders.flac
Oct 02 18:23 : update: added REM/REM - Around the Sun 2004/13-R.E.M.-Around The Sun.flac
Oct 02 18:23 : update: added REM/REM - Around the Sun 2004/11-R.E.M.-The Worst Joke Ever.flac
Oct 02 18:23 : update: added REM/REM - Dead Letter Office 1987/R.E.M. - Dead Letter Office - 01. Crazy.flac
Oct 02 18:23 : update: added REM/REM - Dead Letter Office 1987/R.E.M. - Dead Letter Office - 04. Voice of Herold.flac
Oct 02 18:23 : update: added REM/REM - Dead Letter Office 1987/R.E.M. - Dead Letter Office - 17. Gardening at Night.flac
Oct 02 18:23 : update: added REM/REM - Dead Letter Office 1987/R.E.M. - Dead Letter Office - 10. Pale Blue Eyes.flac
Oct 02 18:23 : update: added REM/REM - Dead Letter Office 1987/R.E.M. - Dead Letter Office - 16. Wolves, Lower.flac
Oct 02 18:23 : update: added REM/REM - Dead Letter Office 1987/R.E.M. - Dead Letter Office - 18. Carnival of Sorts (Box Cars).flac
Oct 02 18:23 : update: added REM/REM - Dead Letter Office 1987/R.E.M. - Dead Letter Office - 07. Toys in the Attic.flac
Oct 02 18:23 : update: added REM/REM - Dead Letter Office 1987/R.E.M. - Dead Letter Office - 05. Burning Hell.flac
Oct 02 18:23 : update: added REM/REM - Dead Letter Office 1987/R.E.M. - Dead Letter Office - 14. Walters Theme.flac
Oct 02 18:23 : update: added REM/REM - Dead Letter Office 1987/R.E.M. - Dead Letter Office - 02. There She Goes Again.flac
Oct 02 18:23 : update: added REM/REM - Dead Letter Office 1987/R.E.M. - Dead Letter Office - 08. Windout.flac
Oct 02 18:23 : update: added REM/REM - Dead Letter Office 1987/R.E.M. - Dead Letter Office - 19. 1,000,000.flac
Oct 02 18:23 : update: added REM/REM - Dead Letter Office 1987/R.E.M. - Dead Letter Office - 15. King of the Road.flac
Oct 02 18:23 : update: added REM/REM - Dead Letter Office 1987/R.E.M. - Dead Letter Office - 20. Stumble.flac
Oct 02 18:23 : update: added REM/REM - Dead Letter Office 1987/R.E.M. - Dead Letter Office - 03. Burning Down.flac
Oct 02 18:23 : update: added REM/REM - Dead Letter Office 1987/R.E.M. - Dead Letter Office - 12. Bandwagon.flac
Oct 02 18:23 : update: added REM/REM - Dead Letter Office 1987/R.E.M. - Dead Letter Office - 09. Ages of You.flac
Oct 02 18:23 : update: added REM/REM - Dead Letter Office 1987/R.E.M. - Dead Letter Office - 13. Femme Fatale.flac
Oct 02 18:23 : update: added REM/REM - Dead Letter Office 1987/R.E.M. - Dead Letter Office - 06. White Tornado.flac
Oct 02 18:23 : update: added REM/REM - Dead Letter Office 1987/R.E.M. - Dead Letter Office - 11. Rotary Ten.flac
Oct 02 18:23 : ffmpeg/flac: Could not find codec parameters for stream 0 (Audio: flac, 0 channels): unspecified sample format
Consider increasing the value for the 'analyzeduration' and 'probesize' options
Oct 02 18:23 : update: added REM/REM - Live At The Olympia 2009/Disc 1/15. Sitting Still - R.E.M..flac
Oct 02 18:23 : ffmpeg/flac: Could not find codec parameters for stream 0 (Audio: flac, 0 channels): unspecified sample format
Consider increasing the value for the 'analyzeduration' and 'probesize' options
Oct 02 18:23 : update: added REM/REM - Live At The Olympia 2009/Disc 1/01. Living Well Is The Best Revenge - R.E.M..flac
Oct 02 18:23 : ffmpeg/flac: Could not find codec parameters for stream 0 (Audio: flac, 0 channels): unspecified sample format
Consider increasing the value for the 'analyzeduration' and 'probesize' options
Oct 02 18:23 : update: added REM/REM - Live At The Olympia 2009/Disc 2/19. Gardening at Night - R.E.M..flac
Oct 02 18:23 : ffmpeg/flac: Could not find codec parameters for stream 0 (Audio: flac, 0 channels): unspecified sample format
Consider increasing the value for the 'analyzeduration' and 'probesize' options
Oct 02 18:23 : update: added REM/REM - Live At The Olympia 2009/Disc 2/07. 1,000,000 - R.E.M..flac
Oct 02 18:23 : ffmpeg/flac: Could not find codec parameters for stream 0 (Audio: flac, 0 channels): unspecified sample format
Consider increasing the value for the 'analyzeduration' and 'probesize' options
Oct 02 18:23 : update: added REM/REM - Live At The Olympia 2009/Disc 2/04. Accelerate - R.E.M..flac
Oct 02 18:23 : update: added REM/REM - Collapse into Now 2011/05. It Happened Today - R.E.M..flac
Oct 02 18:23 : update: added REM/REM - Collapse into Now 2011/07. Mine Smell Like Honey - R.E.M..flac
Oct 02 18:23 : update: added REM/REM - Collapse into Now 2011/04. Oh My Heart - R.E.M..flac
Oct 02 18:23 : update: added REM/REM - Collapse into Now 2011/08. Walk It Back - R.E.M..flac
Oct 02 18:23 : update: added REM/REM - Collapse into Now 2011/02. All The Best - R.E.M..flac
Oct 02 18:23 : update: added REM/REM - Collapse into Now 2011/09. Alligator_Aviator_Autopilot_Antimatter - R.E.M..flac
Oct 02 18:23 : update: added REM/REM - Collapse into Now 2011/10. That Someone Is You - R.E.M..flac
Oct 02 18:23 : update: added REM/REM - Collapse into Now 2011/11. Me, Marlon Brando, Marlon Brando And I - R.E.M..flac
Oct 02 18:23 : update: added REM/REM - Collapse into Now 2011/03. berlin - R.E.M..flac
Oct 02 18:23 : update: added REM/REM - Collapse into Now 2011/01. Discoverer - R.E.M..flac
Oct 02 18:23 : update: added REM/REM - Collapse into Now 2011/12. Blue - R.E.M..flac
Oct 02 18:23 : update: added REM/REM - Collapse into Now 2011/06. Every Day Is Yours To Win - R.E.M..flac
Oct 02 18:23 : update: added REM/REM - Green 1988/R.E.M. - 06. The Wrong Child.flac
Oct 02 18:23 : update: added REM/REM - Green 1988/R.E.M. - 02. Get Up.flac
Oct 02 18:23 : update: added REM/REM - Green 1988/R.E.M. - 07. Orange Crush.flac
Oct 02 18:23 : update: added REM/REM - Green 1988/R.E.M. - 03. You Are the Everything.flac
Oct 02 18:23 : update: added REM/REM - Green 1988/R.E.M. - 09. Hairshirt.flac
Oct 02 18:23 : update: added REM/REM - Green 1988/R.E.M. - 04. Stand.flac
Oct 02 18:23 : update: added REM/REM - Green 1988/R.E.M. - 01. Pop Song 89.flac
Oct 02 18:23 : update: added REM/REM - Green 1988/R.E.M. - 05. World Leader Pretend.flac
Oct 02 18:23 : update: added REM/REM - Green 1988/R.E.M. - 11. This World is Big.flac
Oct 02 18:23 : update: added REM/REM - Green 1988/R.E.M. - 08. Turn You Inside-Out.flac
Oct 02 18:23 : update: added REM/REM - Green 1988/R.E.M. - 10. I Remember California.flac
Oct 02 18:23 : update: added REM/REM - Up 1998/03 - Suspicion.flac
Oct 02 18:23 : update: added REM/REM - Up 1998/05 - At My Most Beautiful.flac
Oct 02 18:23 : update: added REM/REM - Up 1998/10 - Why Not Smile.flac
Oct 02 18:23 : update: added REM/REM - Up 1998/12 - Diminished.flac
Oct 02 18:23 : update: added REM/REM - Up 1998/08 - You're in the Air.flac
Oct 02 18:23 : update: added REM/REM - Up 1998/02 - Lotus.flac
Oct 02 18:23 : update: added REM/REM - Up 1998/06 - The Apologist.flac
Oct 02 18:23 : update: added REM/REM - Up 1998/04 - Hope.flac
Oct 02 18:23 : update: added REM/REM - Up 1998/07 - Sad Professor.flac
Oct 02 18:23 : update: added REM/REM - Up 1998/11 - Daysleeper.flac
Oct 02 18:23 : update: added REM/REM - Up 1998/01 - Airportman.flac
Oct 02 18:23 : update: added REM/REM - Up 1998/14 - Falls to Climb.flac
Oct 02 18:23 : update: added REM/REM - Up 1998/09 - Walk Unafraid.flac
Oct 02 18:23 : update: added REM/REM - Up 1998/13 - Parakeet.flac
Oct 02 18:23 : ffmpeg/flac: Could not find codec parameters for stream 0 (Audio: flac, 0 channels): unspecified sample format
Consider increasing the value for the 'analyzeduration' and 'probesize' options
Oct 02 18:23 : update: added REM/REM - Document 1987/R.E.M. - Document - 06. It's The End Of The World As We Know It (And I Feel Fine).flac
Oct 02 18:23 : update: added REM/REM - Document 1987/R.E.M. - Document - 07. The One I Love.flac
Oct 02 18:23 : update: added REM/REM - Eponymous 1988/04. R.E.M. - So. Central Rain.flac
Oct 02 18:23 : update: added REM/REM - Eponymous 1988/10. R.E.M. - The One I Love.flac
Oct 02 18:23 : update: added REM/REM - Eponymous 1988/12. R.E.M. - Its The End Of The World As We Know It (And I Feel Fine).flac
Oct 02 18:23 : update: added REM/REM - Eponymous 1988/01. R.E.M. - Radio Free Europe (Original Hib-Tone Single).flac
Oct 02 18:23 : update: added REM/REM - Eponymous 1988/02. R.E.M. - Gardening At Night (Different Vocal Mix).flac
Oct 02 18:23 : update: added REM/REM - Eponymous 1988/08. R.E.M. - Romance.flac
Oct 02 18:23 : update: added REM/REM - Eponymous 1988/05. R.E.M. - (Don't Go Back To) Rockville.flac
Oct 02 18:23 : update: added REM/REM - Eponymous 1988/09. R.E.M. - Fall On Me.flac
Oct 02 18:23 : update: added REM/REM - Eponymous 1988/03. R.E.M. - Talk About The Passion.flac
Oct 02 18:23 : update: added REM/REM - Eponymous 1988/06. R.E.M. - Can't Get There From Here.flac
Oct 02 18:23 : update: added REM/REM - Eponymous 1988/11. R.E.M. - Finest Worksong (Mutual Drum Horn Mix).flac
Oct 02 18:23 : update: added REM/REM - Eponymous 1988/07. R.E.M. - Driver 8.flac
Oct 02 18:23 : player: played "REM/Out Of Time/R.E.M. - Out Of Time - 05. Endgame.flac"
Oct 02 18:30 : player: played "REM/REM - Green 1988/R.E.M. - 07. Orange Crush.flac"
Oct 02 18:31 : player: played "REM/REM - Green 1988/R.E.M. - 07. Orange Crush.flac"
Oct 02 18:34 : player: played "REM/REM - Eponymous 1988/10. R.E.M. - The One I Love.flac"
Oct 02 18:34 : flac: FLAC__STREAM_DECODER_ERROR_STATUS_LOST_SYNC
Oct 02 18:34 : flac: FLAC__STREAM_DECODER_ERROR_STATUS_LOST_SYNC
Oct 02 18:34 : player: played "REM/REM - Document 1987/R.E.M. - Document - 07. The One I Love.flac"
Oct 02 18:34 : player: played "REM/REM - Eponymous 1988/10. R.E.M. - The One I Love.flac"
Oct 02 18:34 : flac: FLAC__STREAM_DECODER_ERROR_STATUS_LOST_SYNC
Oct 02 18:34 : flac: FLAC__STREAM_DECODER_ERROR_STATUS_LOST_SYNC
Oct 02 18:34 : player: played "REM/REM - Document 1987/R.E.M. - Document - 07. The One I Love.flac"
Oct 02 18:47 : player: played "REM/REM - Eponymous 1988/10. R.E.M. - The One I Love.flac"
Oct 02 18:58 : player: played "REM/REM - Green 1988/R.E.M. - 07. Orange Crush.flac"
Oct 02 19:34 : player: played "REM/REM - Green 1988/R.E.M. - 07. Orange Crush.flac"
Oct 02 21:24 : player: played "REM/REM - Green 1988/R.E.M. - 07. Orange Crush.flac"
Oct 03 19:26 : config: option 'mixer_device' on line 13 was not recognized
Oct 03 19:26 : config: option 'mixer_control' on line 14 was not recognized
Oct 03 20:26 : client: [0] opened from [::1]:50308
Oct 03 20:26 : player: played "REM/REM - Green 1988/R.E.M. - 07. Orange Crush.flac"
Oct 03 21:24 : player: played "REM/REM - Green 1988/R.E.M. - 07. Orange Crush.flac"
Oct 03 21:24 : player: played "REM/REM - Eponymous 1988/10. R.E.M. - The One I Love.flac"
Oct 03 21:27 : player: played "REM/REM - Eponymous 1988/10. R.E.M. - The One I Love.flac"
Oct 03 21:32 : player: played "REM/REM - Eponymous 1988/12. R.E.M. - Its The End Of The World As We Know It (And I Feel Fine).flac"
Oct 03 21:37 : player: played "REM/Automatic/10. R.E.M. - Man On The Moon.flac"
Oct 03 21:41 : player: played "REM/Automatic/11. R.E.M. - Nightswimming.flac"
Oct 03 22:15 : player: played "REM/Automatic/01. R.E.M. - Drive.flac"
Oct 03 22:20 : player: played "REM/Automatic/04. R.E.M. - Everybody Hurts.flac"
Oct 03 22:26 : player: played "REM/Automatic/10. R.E.M. - Man On The Moon.flac"
Oct 04 18:14 : config: option 'mixer_device' on line 13 was not recognized
Oct 04 18:14 : config: option 'mixer_control' on line 14 was not recognized
Oct 04 22:56 : client: [0] opened from [::1]:45320
Oct 04 22:59 : player: played "REM/REM - Green 1988/R.E.M. - 07. Orange Crush.flac"
Oct 04 23:00 : player: played "REM/REM - Green 1988/R.E.M. - 07. Orange Crush.flac"
Oct 04 23:03 : client: [0] closed
Oct 04 23:03 : client: [1] opened from [::1]:45490
Oct 04 23:03 : player: played "REM/REM - Eponymous 1988/10. R.E.M. - The One I Love.flac"
Oct 04 23:08 : player: played "REM/Automatic/10. R.E.M. - Man On The Moon.flac"
Oct 04 23:12 : player: played "REM/Automatic/11. R.E.M. - Nightswimming.flac"
Oct 04 23:17 : player: played "REM/Automatic/01. R.E.M. - Drive.flac"
Oct 04 23:22 : player: played "REM/Automatic/04. R.E.M. - Everybody Hurts.flac"
Oct 04 23:27 : player: played "REM/Automatic/10. R.E.M. - Man On The Moon.flac"
Oct 04 23:27 : player: played "REM/Out Of Time/R.E.M. - Out Of Time - 06. Shiny Happy People.flac"
Oct 04 23:27 : player: played "REM/Out Of Time/R.E.M. - Out Of Time - 04. Near Wild Heaven.flac"
Oct 04 23:32 : player: played "REM/Out Of Time/R.E.M. - Out Of Time - 03. Low.flac"
Oct 04 23:36 : player: played "REM/Out Of Time/R.E.M. - Out Of Time - 06. Shiny Happy People.flac"
Oct 04 23:40 : player: played "REM/Out Of Time/R.E.M. - Out Of Time - 07. Belong.flac"
Oct 04 23:40 : player: played "REM/Out Of Time/R.E.M. - Out Of Time - 08. Half A World Away.flac"
Oct 04 23:40 : player: played "REM/Out Of Time/R.E.M. - Out Of Time - 05. Endgame.flac"
Oct 04 23:44 : player: played "REM/Out Of Time/R.E.M. - Out Of Time - 01. Radio Song.flac"
Oct 04 23:48 : player: played "REM/Out Of Time/R.E.M. - Out Of Time - 02. Losing My Religion.flac"
Oct 04 23:52 : player: played "REM/Out Of Time/R.E.M. - Out Of Time - 05. Endgame.flac"
Oct 04 23:52 : player: played "REM/Automatic/01. R.E.M. - Drive.flac"
Oct 04 23:57 : player: played "REM/Automatic/01. R.E.M. - Drive.flac"
Oct 05 00:02 : player: played "REM/Automatic/04. R.E.M. - Everybody Hurts.flac"
Oct 05 00:07 : player: played "REM/Automatic/04. R.E.M. - Everybody Hurts.flac"
Oct 05 00:13 : player: played "REM/Automatic/04. R.E.M. - Everybody Hurts.flac"
Oct 05 00:17 : player: played "REM/Automatic/01. R.E.M. - Drive.flac"
Oct 05 00:22 : player: played "REM/Automatic/01. R.E.M. - Drive.flac"
Oct 05 00:23 : alsa_output: "MPD ALSA" [alsa] failed to play: Broken pipe
Oct 05 00:23 : player: played "REM/Automatic/04. R.E.M. - Everybody Hurts.flac"
Oct 05 08:11 : config: option 'mixer_device' on line 13 was not recognized
Oct 05 08:11 : config: option 'mixer_control' on line 14 was not recognized
Oct 05 08:12 : client: [0] opened from [::1]:46056
Oct 05 08:15 : player: played "REM/Automatic/04. R.E.M. - Everybody Hurts.flac"
Oct 05 08:20 : player: played "REM/Out Of Time/R.E.M. - Out Of Time - 03. Low.flac"
Oct 05 08:56 : player: played "REM/Out Of Time/R.E.M. - Out Of Time - 04. Near Wild Heaven.flac"
Oct 05 18:05 : config: option 'mixer_device' on line 13 was not recognized
Oct 05 18:05 : config: option 'mixer_control' on line 14 was not recognized
Oct 05 18:12 : client: [0] opened from [::1]:38876
Oct 05 18:12 : player: played "REM/Out Of Time/R.E.M. - Out Of Time - 04. Near Wild Heaven.flac"
Oct 05 18:15 : flac: FLAC__STREAM_DECODER_ERROR_STATUS_LOST_SYNC
Oct 05 18:15 : flac: FLAC__STREAM_DECODER_ERROR_STATUS_LOST_SYNC
Oct 05 18:15 : player: played "REM/REM - Eponymous 1988/10. R.E.M. - The One I Love.flac"
Oct 05 18:15 : player: played "REM/REM - Document 1987/R.E.M. - Document - 07. The One I Love.flac"
Oct 05 18:19 : player: played "REM/Automatic/11. R.E.M. - Nightswimming.flac"
Oct 05 18:24 : player: played "REM/Automatic/01. R.E.M. - Drive.flac"
Oct 05 18:29 : player: played "REM/Automatic/04. R.E.M. - Everybody Hurts.flac"
Oct 05 18:32 : player: played "REM/Automatic/10. R.E.M. - Man On The Moon.flac"
Oct 05 18:35 : player: played "REM/REM - Green 1988/R.E.M. - 07. Orange Crush.flac"
Oct 05 18:39 : player: played "REM/REM - Green 1988/R.E.M. - 07. Orange Crush.flac"
Oct 05 18:39 : player: played "REM/REM - Eponymous 1988/10. R.E.M. - The One I Love.flac"
Oct 05 20:06 : player: played "REM/Out Of Time/R.E.M. - Out Of Time - 03. Low.flac"
Oct 06 00:36 : player: played "REM/Automatic/01. R.E.M. - Drive.flac"
Oct 06 18:13 : config: option 'mixer_device' on line 13 was not recognized
Oct 06 18:13 : config: option 'mixer_control' on line 14 was not recognized
Oct 06 18:14 : client: [0] opened from [::1]:57092
Oct 06 18:14 : player: played "REM/Automatic/01. R.E.M. - Drive.flac"
Oct 06 18:14 : player: played "REM/Automatic/01. R.E.M. - Drive.flac"
Oct 06 18:18 : player: played "REM/Automatic/01. R.E.M. - Drive.flac"
Oct 06 18:23 : player: played "REM/Automatic/04. R.E.M. - Everybody Hurts.flac"
Oct 06 18:27 : player: played "REM/REM - Green 1988/R.E.M. - 07. Orange Crush.flac"
Oct 06 18:31 : player: played "REM/REM - Green 1988/R.E.M. - 07. Orange Crush.flac"
Oct 06 18:34 : flac: FLAC__STREAM_DECODER_ERROR_STATUS_LOST_SYNC
Oct 06 18:34 : flac: FLAC__STREAM_DECODER_ERROR_STATUS_LOST_SYNC
Oct 06 18:34 : player: played "REM/REM - Eponymous 1988/10. R.E.M. - The One I Love.flac"
Oct 06 18:35 : player: played "REM/REM - Document 1987/R.E.M. - Document - 07. The One I Love.flac"
Oct 06 18:35 : player: played "REM/REM - Eponymous 1988/10. R.E.M. - The One I Love.flac"
Oct 06 18:35 : player: played "REM/Automatic/04. R.E.M. - Everybody Hurts.flac"
Oct 06 20:50 : player: played "REM/Automatic/10. R.E.M. - Man On The Moon.flac"
Oct 06 20:54 : player: played "REM/Out Of Time/R.E.M. - Out Of Time - 01. Radio Song.flac"
Oct 06 22:11 : player: played "REM/Out Of Time/R.E.M. - Out Of Time - 02. Losing My Religion.flac"
Oct 06 22:15 : player: played "REM/Out Of Time/R.E.M. - Out Of Time - 01. Radio Song.flac"
Oct 06 22:19 : player: played "REM/Out Of Time/R.E.M. - Out Of Time - 02. Losing My Religion.flac"
Oct 06 22:24 : player: played "REM/Out Of Time/R.E.M. - Out Of Time - 03. Low.flac"
Oct 06 22:24 : player: played "REM/Out Of Time/R.E.M. - Out Of Time - 04. Near Wild Heaven.flac"
Oct 06 22:28 : player: played "REM/Out Of Time/R.E.M. - Out Of Time - 05. Endgame.flac"
Oct 06 22:32 : player: played "REM/Out Of Time/R.E.M. - Out Of Time - 06. Shiny Happy People.flac"
Oct 06 22:36 : player: played "REM/Out Of Time/R.E.M. - Out Of Time - 07. Belong.flac"
Oct 06 22:36 : player: played "REM/Out Of Time/R.E.M. - Out Of Time - 08. Half A World Away.flac"
Oct 06 22:36 : player: played "REM/Out Of Time/R.E.M. - Out Of Time - 09. Texarkana.flac"
Oct 06 22:40 : player: played "REM/Out Of Time/R.E.M. - Out Of Time - 11. Me In Honey.flac"
Oct 06 22:45 : player: played "REM/Out Of Time/R.E.M. - Out Of Time - 03. Low.flac"
Oct 06 22:45 : player: played "REM/Automatic/01. R.E.M. - Drive.flac"
Oct 06 22:50 : player: played "REM/Automatic/01. R.E.M. - Drive.flac"
Oct 06 22:57 : player: played "REM/Automatic/04. R.E.M. - Everybody Hurts.flac"
Oct 06 23:02 : player: played "REM/Automatic/04. R.E.M. - Everybody Hurts.flac"
Oct 06 23:02 : player: played "REM/Automatic/04. R.E.M. - Everybody Hurts.flac"
Oct 06 23:02 : player: played "REM/Automatic/01. R.E.M. - Drive.flac"
Oct 06 23:02 : player: played "REM/REM - Green 1988/R.E.M. - 07. Orange Crush.flac"
Oct 06 23:06 : player: played "REM/REM - Green 1988/R.E.M. - 07. Orange Crush.flac"
Oct 06 23:09 : flac: FLAC__STREAM_DECODER_ERROR_STATUS_LOST_SYNC
Oct 06 23:09 : flac: FLAC__STREAM_DECODER_ERROR_STATUS_LOST_SYNC
Oct 06 23:09 : player: played "REM/REM - Eponymous 1988/10. R.E.M. - The One I Love.flac"
Oct 06 23:09 : player: played "REM/REM - Document 1987/R.E.M. - Document - 07. The One I Love.flac"
Oct 06 23:13 : flac: FLAC__STREAM_DECODER_ERROR_STATUS_LOST_SYNC
Oct 06 23:13 : flac: FLAC__STREAM_DECODER_ERROR_STATUS_LOST_SYNC
Oct 06 23:13 : player: played "REM/REM - Eponymous 1988/10. R.E.M. - The One I Love.flac"
Oct 06 23:13 : player: played "REM/REM - Document 1987/R.E.M. - Document - 07. The One I Love.flac"
Oct 07 00:59 : client: [0] closed
Oct 07 00:59 : player: played "REM/REM - Eponymous 1988/10. R.E.M. - The One I Love.flac"
Oct 08 09:42 : config: option 'mixer_device' on line 13 was not recognized
Oct 08 09:42 : config: option 'mixer_control' on line 14 was not recognized
Oct 08 10:23 : client: [0] opened from [::1]:37202
Oct 08 10:23 : client: [1] opened from [::1]:37204
Oct 08 10:23 : client: [2] opened from [::1]:37206
Oct 08 10:25 : player: played "REM/REM - Eponymous 1988/10. R.E.M. - The One I Love.flac"
Oct 08 10:25 : player: played "REM/Automatic/07. R.E.M. - Monty Got A Raw Deal.flac"
Oct 08 10:39 : client: [2] closed
Oct 08 10:39 : client: [0] closed
Oct 08 10:39 : client: [1] closed
Oct 08 11:20 : player: played "REM/Automatic/07. R.E.M. - Monty Got A Raw Deal.flac"
Oct 08 12:28 : config: option 'mixer_device' on line 13 was not recognized
Oct 08 12:28 : config: option 'mixer_control' on line 14 was not recognized
